{"level":"INFO","time":"2024-01-08T20:32:29.371Z","pid":27384,"host":"LAPTOP-432I3LPG","node_version":"v20.10.0","msg":"Connected to the database server"}
{"level":"INFO","time":"2024-01-08T20:32:29.647Z","pid":27384,"host":"LAPTOP-432I3LPG","node_version":"v20.10.0","msg":"Server is listening on http://0.0.0.0:3001"}
{"level":"DEBUG","time":"2024-01-08T20:32:29.759Z","pid":27384,"host":"LAPTOP-432I3LPG","node_version":"v20.10.0","connection":"connecting","receivedPendingNotifications":false}
{"level":"INFO","time":"2024-01-08T20:32:30.733Z","pid":27384,"host":"LAPTOP-432I3LPG","node_version":"v20.10.0","browser":["WhatsApp Web","Chrome","10.0"],"helloMsg":{"clientHello":{"ephemeral":"KM5ciaju777yYU52sRfWNbGtwasEfzl7X5wHqSJoVlo="}},"msg":"connected to WA"}
{"level":"INFO","time":"2024-01-08T20:32:31.074Z","pid":27384,"host":"LAPTOP-432I3LPG","node_version":"v20.10.0","node":{"username":"6281295504538","passive":true,"userAgent":{"platform":"MACOS","appVersion":{"primary":2,"secondary":2329,"tertiary":9},"mcc":"000","mnc":"000","osVersion":"0.1","manufacturer":"","device":"Desktop","osBuildNumber":"0.1","releaseChannel":"RELEASE","localeLanguageIso6391":"en","localeCountryIso31661Alpha2":"US"},"connectType":"WIFI_UNKNOWN","connectReason":"USER_ACTIVATED","device":2},"msg":"logging in..."}
{"level":"DEBUG","time":"2024-01-08T20:32:31.637Z","pid":27384,"host":"LAPTOP-432I3LPG","node_version":"v20.10.0","unhandled":true,"fromMe":false,"frame":{"tag":"ib","attrs":{"from":"@s.whatsapp.net"},"content":[{"tag":"edge_routing","attrs":{},"content":[{"tag":"routing_info","attrs":{},"content":{"type":"Buffer","data":[8,13,8,5]}}]}]},"msg":"communication recv"}
{"level":"INFO","time":"2024-01-08T20:32:31.836Z","pid":27384,"host":"LAPTOP-432I3LPG","node_version":"v20.10.0","msg":"29 pre-keys found on server"}
{"level":"INFO","time":"2024-01-08T20:32:32.158Z","pid":27384,"host":"LAPTOP-432I3LPG","node_version":"v20.10.0","msg":"opened connection to WA"}
{"level":"DEBUG","time":"2024-01-08T20:32:32.172Z","pid":27384,"host":"LAPTOP-432I3LPG","node_version":"v20.10.0","isOnline":false}
{"level":"DEBUG","time":"2024-01-08T20:32:32.174Z","pid":27384,"host":"LAPTOP-432I3LPG","node_version":"v20.10.0","connection":"open"}
{"level":"INFO","time":"2024-01-08T20:32:32.262Z","pid":27384,"host":"LAPTOP-432I3LPG","node_version":"v20.10.0","msg":"handled 0 offline messages/notifications"}
{"level":"DEBUG","time":"2024-01-08T20:32:32.263Z","pid":27384,"host":"LAPTOP-432I3LPG","node_version":"v20.10.0","receivedPendingNotifications":true}
{"level":"DEBUG","time":"2024-01-08T20:32:32.530Z","pid":27384,"host":"LAPTOP-432I3LPG","node_version":"v20.10.0","msg":"fetched abt"}
{"level":"DEBUG","time":"2024-01-08T20:32:32.537Z","pid":27384,"host":"LAPTOP-432I3LPG","node_version":"v20.10.0","msg":"fetched props"}
{"level":"INFO","time":"2024-01-08T20:32:34.351Z","pid":27384,"host":"LAPTOP-432I3LPG","node_version":"v20.10.0","req":{"id":1,"method":"GET","url":"/products/ede9c69a-d327-40fa-bbb5-d382c634131d","query":{},"params":{},"headers":{"authorization":"Bearer eyJhbGciOiJIUzI1NiIsInR5cCI6IkpXVCJ9.eyJlbWFpbCI6Imloc2FudWwyMDAxQGdtYWlsLmNvbSIsImlhdCI6MTcwNDczNzY1OSwiZXhwIjoxNzA0ODI0MDU5fQ.v5nXerDLygPdYfMARr0kJglqD80G1Im2XhAg3nuJ13U","user-agent":"PostmanRuntime/7.36.0","accept":"*/*","cache-control":"no-cache","postman-token":"a129acf3-924a-4471-b9ed-3822c9a45eb3","host":"localhost:3001","accept-encoding":"gzip, deflate, br","connection":"keep-alive"},"remoteAddress":"127.0.0.1","remotePort":29595},"res":{"statusCode":200,"headers":{"x-powered-by":"Express","access-control-allow-origin":"*","content-type":"application/json; charset=utf-8","content-length":"235","etag":"W/\"eb-RdiFkXO/R1honqcmUrVqsyM9s1g\"","vary":"Accept-Encoding"}},"responseTime":1260,"msg":"request completed"}
{"level":"INFO","time":"2024-01-08T20:32:57.991Z","pid":21932,"host":"LAPTOP-432I3LPG","node_version":"v20.10.0","msg":"Connected to the database server"}
{"level":"INFO","time":"2024-01-08T20:32:58.016Z","pid":21932,"host":"LAPTOP-432I3LPG","node_version":"v20.10.0","msg":"Server is listening on http://0.0.0.0:3001"}
{"level":"DEBUG","time":"2024-01-08T20:32:58.088Z","pid":21932,"host":"LAPTOP-432I3LPG","node_version":"v20.10.0","connection":"connecting","receivedPendingNotifications":false}
{"level":"INFO","time":"2024-01-08T20:32:58.350Z","pid":21932,"host":"LAPTOP-432I3LPG","node_version":"v20.10.0","browser":["WhatsApp Web","Chrome","10.0"],"helloMsg":{"clientHello":{"ephemeral":"OoK+Ww/djLyYqlHWzj6Dghm6AZHxL/jAR7KBdMKvDFA="}},"msg":"connected to WA"}
{"level":"INFO","time":"2024-01-08T20:32:58.578Z","pid":21932,"host":"LAPTOP-432I3LPG","node_version":"v20.10.0","node":{"username":"6281295504538","passive":true,"userAgent":{"platform":"MACOS","appVersion":{"primary":2,"secondary":2329,"tertiary":9},"mcc":"000","mnc":"000","osVersion":"0.1","manufacturer":"","device":"Desktop","osBuildNumber":"0.1","releaseChannel":"RELEASE","localeLanguageIso6391":"en","localeCountryIso31661Alpha2":"US"},"connectType":"WIFI_UNKNOWN","connectReason":"USER_ACTIVATED","device":2},"msg":"logging in..."}
{"level":"DEBUG","time":"2024-01-08T20:32:58.965Z","pid":21932,"host":"LAPTOP-432I3LPG","node_version":"v20.10.0","unhandled":true,"fromMe":false,"frame":{"tag":"ib","attrs":{"from":"@s.whatsapp.net"},"content":[{"tag":"edge_routing","attrs":{},"content":[{"tag":"routing_info","attrs":{},"content":{"type":"Buffer","data":[8,13,8,5]}}]}]},"msg":"communication recv"}
{"level":"INFO","time":"2024-01-08T20:32:59.032Z","pid":21932,"host":"LAPTOP-432I3LPG","node_version":"v20.10.0","msg":"29 pre-keys found on server"}
{"level":"INFO","time":"2024-01-08T20:32:59.241Z","pid":21932,"host":"LAPTOP-432I3LPG","node_version":"v20.10.0","msg":"opened connection to WA"}
{"level":"DEBUG","time":"2024-01-08T20:32:59.250Z","pid":21932,"host":"LAPTOP-432I3LPG","node_version":"v20.10.0","isOnline":false}
{"level":"DEBUG","time":"2024-01-08T20:32:59.251Z","pid":21932,"host":"LAPTOP-432I3LPG","node_version":"v20.10.0","connection":"open"}
{"level":"INFO","time":"2024-01-08T20:32:59.284Z","pid":21932,"host":"LAPTOP-432I3LPG","node_version":"v20.10.0","msg":"handled 0 offline messages/notifications"}
{"level":"DEBUG","time":"2024-01-08T20:32:59.285Z","pid":21932,"host":"LAPTOP-432I3LPG","node_version":"v20.10.0","receivedPendingNotifications":true}
{"level":"DEBUG","time":"2024-01-08T20:32:59.463Z","pid":21932,"host":"LAPTOP-432I3LPG","node_version":"v20.10.0","msg":"fetched props"}
{"level":"DEBUG","time":"2024-01-08T20:32:59.486Z","pid":21932,"host":"LAPTOP-432I3LPG","node_version":"v20.10.0","msg":"fetched abt"}
{"level":"INFO","time":"2024-01-08T20:34:18.408Z","pid":5356,"host":"LAPTOP-432I3LPG","node_version":"v20.10.0","msg":"Connected to the database server"}
{"level":"INFO","time":"2024-01-08T20:34:18.435Z","pid":5356,"host":"LAPTOP-432I3LPG","node_version":"v20.10.0","msg":"Server is listening on http://0.0.0.0:3001"}
{"level":"DEBUG","time":"2024-01-08T20:34:18.509Z","pid":5356,"host":"LAPTOP-432I3LPG","node_version":"v20.10.0","connection":"connecting","receivedPendingNotifications":false}
{"level":"INFO","time":"2024-01-08T20:34:18.884Z","pid":5356,"host":"LAPTOP-432I3LPG","node_version":"v20.10.0","browser":["WhatsApp Web","Chrome","10.0"],"helloMsg":{"clientHello":{"ephemeral":"5zjQRObiAtJsCgaIBO04Mx7K/S50yJJVXPdpYXZBPB8="}},"msg":"connected to WA"}
{"level":"INFO","time":"2024-01-08T20:34:19.289Z","pid":5356,"host":"LAPTOP-432I3LPG","node_version":"v20.10.0","node":{"username":"6281295504538","passive":true,"userAgent":{"platform":"MACOS","appVersion":{"primary":2,"secondary":2329,"tertiary":9},"mcc":"000","mnc":"000","osVersion":"0.1","manufacturer":"","device":"Desktop","osBuildNumber":"0.1","releaseChannel":"RELEASE","localeLanguageIso6391":"en","localeCountryIso31661Alpha2":"US"},"connectType":"WIFI_UNKNOWN","connectReason":"USER_ACTIVATED","device":2},"msg":"logging in..."}
{"level":"DEBUG","time":"2024-01-08T20:34:19.892Z","pid":5356,"host":"LAPTOP-432I3LPG","node_version":"v20.10.0","unhandled":true,"fromMe":false,"frame":{"tag":"ib","attrs":{"from":"@s.whatsapp.net"},"content":[{"tag":"edge_routing","attrs":{},"content":[{"tag":"routing_info","attrs":{},"content":{"type":"Buffer","data":[8,13,8,5]}}]}]},"msg":"communication recv"}
{"level":"INFO","time":"2024-01-08T20:34:20.240Z","pid":5356,"host":"LAPTOP-432I3LPG","node_version":"v20.10.0","msg":"29 pre-keys found on server"}
{"level":"INFO","time":"2024-01-08T20:34:20.371Z","pid":5356,"host":"LAPTOP-432I3LPG","node_version":"v20.10.0","req":{"id":1,"method":"GET","url":"/products/ede9c69a-d327-40fa-bbb5-d382c6341312","query":{},"params":{},"headers":{"authorization":"Bearer eyJhbGciOiJIUzI1NiIsInR5cCI6IkpXVCJ9.eyJlbWFpbCI6Imloc2FudWwyMDAxQGdtYWlsLmNvbSIsImlhdCI6MTcwNDczNzY1OSwiZXhwIjoxNzA0ODI0MDU5fQ.v5nXerDLygPdYfMARr0kJglqD80G1Im2XhAg3nuJ13U","user-agent":"PostmanRuntime/7.36.0","accept":"*/*","cache-control":"no-cache","postman-token":"90355024-6e58-469d-bfb3-2c9ae9f66947","host":"localhost:3001","accept-encoding":"gzip, deflate, br","connection":"keep-alive"},"remoteAddress":"127.0.0.1","remotePort":29631},"res":{"statusCode":200,"headers":{"x-powered-by":"Express","access-control-allow-origin":"*","content-type":"application/json; charset=utf-8","content-length":"30","etag":"W/\"1e-FgRTtmy8pvuQ8PojcsN+QrHT+s4\"","vary":"Accept-Encoding"}},"responseTime":20,"msg":"request completed"}
{"level":"INFO","time":"2024-01-08T20:34:20.561Z","pid":5356,"host":"LAPTOP-432I3LPG","node_version":"v20.10.0","msg":"opened connection to WA"}
{"level":"DEBUG","time":"2024-01-08T20:34:20.571Z","pid":5356,"host":"LAPTOP-432I3LPG","node_version":"v20.10.0","isOnline":false}
{"level":"DEBUG","time":"2024-01-08T20:34:20.572Z","pid":5356,"host":"LAPTOP-432I3LPG","node_version":"v20.10.0","connection":"open"}
{"level":"INFO","time":"2024-01-08T20:34:20.668Z","pid":5356,"host":"LAPTOP-432I3LPG","node_version":"v20.10.0","msg":"handled 0 offline messages/notifications"}
{"level":"DEBUG","time":"2024-01-08T20:34:20.669Z","pid":5356,"host":"LAPTOP-432I3LPG","node_version":"v20.10.0","receivedPendingNotifications":true}
{"level":"DEBUG","time":"2024-01-08T20:34:20.895Z","pid":5356,"host":"LAPTOP-432I3LPG","node_version":"v20.10.0","msg":"fetched props"}
{"level":"DEBUG","time":"2024-01-08T20:34:20.930Z","pid":5356,"host":"LAPTOP-432I3LPG","node_version":"v20.10.0","msg":"fetched abt"}
{"level":"INFO","time":"2024-01-08T20:39:23.372Z","pid":20924,"host":"LAPTOP-432I3LPG","node_version":"v20.10.0","msg":"Connected to the database server"}
{"level":"INFO","time":"2024-01-08T20:39:23.403Z","pid":20924,"host":"LAPTOP-432I3LPG","node_version":"v20.10.0","msg":"Server is listening on http://0.0.0.0:3001"}
{"level":"DEBUG","time":"2024-01-08T20:39:23.498Z","pid":20924,"host":"LAPTOP-432I3LPG","node_version":"v20.10.0","connection":"connecting","receivedPendingNotifications":false}
{"level":"INFO","time":"2024-01-08T20:39:23.790Z","pid":20924,"host":"LAPTOP-432I3LPG","node_version":"v20.10.0","browser":["WhatsApp Web","Chrome","10.0"],"helloMsg":{"clientHello":{"ephemeral":"DJNyhfgY1Gtz4RPzuYKOPy7edAGGArWL466zbXJXhiw="}},"msg":"connected to WA"}
{"level":"INFO","time":"2024-01-08T20:39:24.048Z","pid":20924,"host":"LAPTOP-432I3LPG","node_version":"v20.10.0","node":{"username":"6281295504538","passive":true,"userAgent":{"platform":"MACOS","appVersion":{"primary":2,"secondary":2329,"tertiary":9},"mcc":"000","mnc":"000","osVersion":"0.1","manufacturer":"","device":"Desktop","osBuildNumber":"0.1","releaseChannel":"RELEASE","localeLanguageIso6391":"en","localeCountryIso31661Alpha2":"US"},"connectType":"WIFI_UNKNOWN","connectReason":"USER_ACTIVATED","device":2},"msg":"logging in..."}
{"level":"DEBUG","time":"2024-01-08T20:39:24.430Z","pid":20924,"host":"LAPTOP-432I3LPG","node_version":"v20.10.0","unhandled":true,"fromMe":false,"frame":{"tag":"ib","attrs":{"from":"@s.whatsapp.net"},"content":[{"tag":"edge_routing","attrs":{},"content":[{"tag":"routing_info","attrs":{},"content":{"type":"Buffer","data":[8,13,8,5]}}]}]},"msg":"communication recv"}
{"level":"INFO","time":"2024-01-08T20:39:24.566Z","pid":20924,"host":"LAPTOP-432I3LPG","node_version":"v20.10.0","msg":"29 pre-keys found on server"}
{"level":"INFO","time":"2024-01-08T20:39:24.807Z","pid":20924,"host":"LAPTOP-432I3LPG","node_version":"v20.10.0","msg":"opened connection to WA"}
{"level":"DEBUG","time":"2024-01-08T20:39:24.816Z","pid":20924,"host":"LAPTOP-432I3LPG","node_version":"v20.10.0","isOnline":false}
{"level":"DEBUG","time":"2024-01-08T20:39:24.817Z","pid":20924,"host":"LAPTOP-432I3LPG","node_version":"v20.10.0","connection":"open"}
{"level":"INFO","time":"2024-01-08T20:39:24.832Z","pid":20924,"host":"LAPTOP-432I3LPG","node_version":"v20.10.0","msg":"handled 0 offline messages/notifications"}
{"level":"DEBUG","time":"2024-01-08T20:39:24.832Z","pid":20924,"host":"LAPTOP-432I3LPG","node_version":"v20.10.0","receivedPendingNotifications":true}
{"level":"DEBUG","time":"2024-01-08T20:39:25.061Z","pid":20924,"host":"LAPTOP-432I3LPG","node_version":"v20.10.0","msg":"fetched props"}
{"level":"DEBUG","time":"2024-01-08T20:39:25.088Z","pid":20924,"host":"LAPTOP-432I3LPG","node_version":"v20.10.0","msg":"fetched abt"}
{"level":"INFO","time":"2024-01-08T20:41:38.236Z","pid":19352,"host":"LAPTOP-432I3LPG","node_version":"v20.10.0","msg":"Connected to the database server"}
{"level":"INFO","time":"2024-01-08T20:41:38.261Z","pid":19352,"host":"LAPTOP-432I3LPG","node_version":"v20.10.0","msg":"Server is listening on http://0.0.0.0:3001"}
{"level":"DEBUG","time":"2024-01-08T20:41:38.331Z","pid":19352,"host":"LAPTOP-432I3LPG","node_version":"v20.10.0","connection":"connecting","receivedPendingNotifications":false}
{"level":"INFO","time":"2024-01-08T20:41:38.903Z","pid":19352,"host":"LAPTOP-432I3LPG","node_version":"v20.10.0","browser":["WhatsApp Web","Chrome","10.0"],"helloMsg":{"clientHello":{"ephemeral":"h6wlfIlKK1li/FKAkQ12NdJDEU+tp8MzhD4sactHriM="}},"msg":"connected to WA"}
{"level":"INFO","time":"2024-01-08T20:41:39.246Z","pid":19352,"host":"LAPTOP-432I3LPG","node_version":"v20.10.0","node":{"username":"6281295504538","passive":true,"userAgent":{"platform":"MACOS","appVersion":{"primary":2,"secondary":2329,"tertiary":9},"mcc":"000","mnc":"000","osVersion":"0.1","manufacturer":"","device":"Desktop","osBuildNumber":"0.1","releaseChannel":"RELEASE","localeLanguageIso6391":"en","localeCountryIso31661Alpha2":"US"},"connectType":"WIFI_UNKNOWN","connectReason":"USER_ACTIVATED","device":2},"msg":"logging in..."}
{"level":"DEBUG","time":"2024-01-08T20:41:39.845Z","pid":19352,"host":"LAPTOP-432I3LPG","node_version":"v20.10.0","unhandled":true,"fromMe":false,"frame":{"tag":"ib","attrs":{"from":"@s.whatsapp.net"},"content":[{"tag":"edge_routing","attrs":{},"content":[{"tag":"routing_info","attrs":{},"content":{"type":"Buffer","data":[8,13,8,5]}}]}]},"msg":"communication recv"}
{"level":"INFO","time":"2024-01-08T20:41:40.051Z","pid":19352,"host":"LAPTOP-432I3LPG","node_version":"v20.10.0","msg":"29 pre-keys found on server"}
{"level":"INFO","time":"2024-01-08T20:41:40.373Z","pid":19352,"host":"LAPTOP-432I3LPG","node_version":"v20.10.0","msg":"opened connection to WA"}
{"level":"DEBUG","time":"2024-01-08T20:41:40.382Z","pid":19352,"host":"LAPTOP-432I3LPG","node_version":"v20.10.0","isOnline":false}
{"level":"DEBUG","time":"2024-01-08T20:41:40.383Z","pid":19352,"host":"LAPTOP-432I3LPG","node_version":"v20.10.0","connection":"open"}
{"level":"INFO","time":"2024-01-08T20:41:40.494Z","pid":19352,"host":"LAPTOP-432I3LPG","node_version":"v20.10.0","msg":"handled 0 offline messages/notifications"}
{"level":"DEBUG","time":"2024-01-08T20:41:40.494Z","pid":19352,"host":"LAPTOP-432I3LPG","node_version":"v20.10.0","receivedPendingNotifications":true}
{"level":"DEBUG","time":"2024-01-08T20:41:40.708Z","pid":19352,"host":"LAPTOP-432I3LPG","node_version":"v20.10.0","msg":"fetched props"}
{"level":"DEBUG","time":"2024-01-08T20:41:40.744Z","pid":19352,"host":"LAPTOP-432I3LPG","node_version":"v20.10.0","msg":"fetched abt"}
{"level":"INFO","time":"2024-01-08T20:46:36.346Z","pid":13980,"host":"LAPTOP-432I3LPG","node_version":"v20.10.0","msg":"Connected to the database server"}
{"level":"INFO","time":"2024-01-08T20:46:36.371Z","pid":13980,"host":"LAPTOP-432I3LPG","node_version":"v20.10.0","msg":"Server is listening on http://0.0.0.0:3001"}
{"level":"DEBUG","time":"2024-01-08T20:46:36.441Z","pid":13980,"host":"LAPTOP-432I3LPG","node_version":"v20.10.0","connection":"connecting","receivedPendingNotifications":false}
{"level":"INFO","time":"2024-01-08T20:46:37.181Z","pid":13980,"host":"LAPTOP-432I3LPG","node_version":"v20.10.0","browser":["WhatsApp Web","Chrome","10.0"],"helloMsg":{"clientHello":{"ephemeral":"h0ohNaCx0IUcsc2UgUFS62ojGtCzhF1civOAbK8Xtxo="}},"msg":"connected to WA"}
{"level":"INFO","time":"2024-01-08T20:46:37.445Z","pid":13980,"host":"LAPTOP-432I3LPG","node_version":"v20.10.0","node":{"username":"6281295504538","passive":true,"userAgent":{"platform":"MACOS","appVersion":{"primary":2,"secondary":2329,"tertiary":9},"mcc":"000","mnc":"000","osVersion":"0.1","manufacturer":"","device":"Desktop","osBuildNumber":"0.1","releaseChannel":"RELEASE","localeLanguageIso6391":"en","localeCountryIso31661Alpha2":"US"},"connectType":"WIFI_UNKNOWN","connectReason":"USER_ACTIVATED","device":2},"msg":"logging in..."}
{"level":"DEBUG","time":"2024-01-08T20:46:37.833Z","pid":13980,"host":"LAPTOP-432I3LPG","node_version":"v20.10.0","unhandled":true,"fromMe":false,"frame":{"tag":"ib","attrs":{"from":"@s.whatsapp.net"},"content":[{"tag":"edge_routing","attrs":{},"content":[{"tag":"routing_info","attrs":{},"content":{"type":"Buffer","data":[8,13,8,5]}}]}]},"msg":"communication recv"}
{"level":"INFO","time":"2024-01-08T20:46:37.968Z","pid":13980,"host":"LAPTOP-432I3LPG","node_version":"v20.10.0","msg":"29 pre-keys found on server"}
{"level":"INFO","time":"2024-01-08T20:46:38.212Z","pid":13980,"host":"LAPTOP-432I3LPG","node_version":"v20.10.0","msg":"opened connection to WA"}
{"level":"DEBUG","time":"2024-01-08T20:46:38.221Z","pid":13980,"host":"LAPTOP-432I3LPG","node_version":"v20.10.0","isOnline":false}
{"level":"DEBUG","time":"2024-01-08T20:46:38.222Z","pid":13980,"host":"LAPTOP-432I3LPG","node_version":"v20.10.0","connection":"open"}
{"level":"INFO","time":"2024-01-08T20:46:38.236Z","pid":13980,"host":"LAPTOP-432I3LPG","node_version":"v20.10.0","msg":"handled 0 offline messages/notifications"}
{"level":"DEBUG","time":"2024-01-08T20:46:38.237Z","pid":13980,"host":"LAPTOP-432I3LPG","node_version":"v20.10.0","receivedPendingNotifications":true}
{"level":"DEBUG","time":"2024-01-08T20:46:38.468Z","pid":13980,"host":"LAPTOP-432I3LPG","node_version":"v20.10.0","msg":"fetched props"}
{"level":"DEBUG","time":"2024-01-08T20:46:38.494Z","pid":13980,"host":"LAPTOP-432I3LPG","node_version":"v20.10.0","msg":"fetched abt"}
{"level":"INFO","time":"2024-01-08T20:46:49.297Z","pid":16100,"host":"LAPTOP-432I3LPG","node_version":"v20.10.0","msg":"Connected to the database server"}
{"level":"INFO","time":"2024-01-08T20:46:49.323Z","pid":16100,"host":"LAPTOP-432I3LPG","node_version":"v20.10.0","msg":"Server is listening on http://0.0.0.0:3001"}
{"level":"DEBUG","time":"2024-01-08T20:46:49.394Z","pid":16100,"host":"LAPTOP-432I3LPG","node_version":"v20.10.0","connection":"connecting","receivedPendingNotifications":false}
{"level":"INFO","time":"2024-01-08T20:46:49.685Z","pid":16100,"host":"LAPTOP-432I3LPG","node_version":"v20.10.0","browser":["WhatsApp Web","Chrome","10.0"],"helloMsg":{"clientHello":{"ephemeral":"bd0kkA6NcU9wxduGpYDY5cMG+BWPU7EZBPE46656x30="}},"msg":"connected to WA"}
{"level":"INFO","time":"2024-01-08T20:46:49.946Z","pid":16100,"host":"LAPTOP-432I3LPG","node_version":"v20.10.0","node":{"username":"6281295504538","passive":true,"userAgent":{"platform":"MACOS","appVersion":{"primary":2,"secondary":2329,"tertiary":9},"mcc":"000","mnc":"000","osVersion":"0.1","manufacturer":"","device":"Desktop","osBuildNumber":"0.1","releaseChannel":"RELEASE","localeLanguageIso6391":"en","localeCountryIso31661Alpha2":"US"},"connectType":"WIFI_UNKNOWN","connectReason":"USER_ACTIVATED","device":2},"msg":"logging in..."}
{"level":"DEBUG","time":"2024-01-08T20:46:50.319Z","pid":16100,"host":"LAPTOP-432I3LPG","node_version":"v20.10.0","unhandled":true,"fromMe":false,"frame":{"tag":"ib","attrs":{"from":"@s.whatsapp.net"},"content":[{"tag":"edge_routing","attrs":{},"content":[{"tag":"routing_info","attrs":{},"content":{"type":"Buffer","data":[8,13,8,5]}}]}]},"msg":"communication recv"}
{"level":"INFO","time":"2024-01-08T20:46:50.406Z","pid":16100,"host":"LAPTOP-432I3LPG","node_version":"v20.10.0","msg":"29 pre-keys found on server"}
{"level":"INFO","time":"2024-01-08T20:46:50.624Z","pid":16100,"host":"LAPTOP-432I3LPG","node_version":"v20.10.0","msg":"opened connection to WA"}
{"level":"DEBUG","time":"2024-01-08T20:46:50.632Z","pid":16100,"host":"LAPTOP-432I3LPG","node_version":"v20.10.0","isOnline":false}
{"level":"DEBUG","time":"2024-01-08T20:46:50.633Z","pid":16100,"host":"LAPTOP-432I3LPG","node_version":"v20.10.0","connection":"open"}
{"level":"INFO","time":"2024-01-08T20:46:50.651Z","pid":16100,"host":"LAPTOP-432I3LPG","node_version":"v20.10.0","msg":"handled 0 offline messages/notifications"}
{"level":"DEBUG","time":"2024-01-08T20:46:50.652Z","pid":16100,"host":"LAPTOP-432I3LPG","node_version":"v20.10.0","receivedPendingNotifications":true}
{"level":"DEBUG","time":"2024-01-08T20:46:50.855Z","pid":16100,"host":"LAPTOP-432I3LPG","node_version":"v20.10.0","msg":"fetched props"}
{"level":"DEBUG","time":"2024-01-08T20:46:50.878Z","pid":16100,"host":"LAPTOP-432I3LPG","node_version":"v20.10.0","msg":"fetched abt"}
{"level":"INFO","time":"2024-01-08T20:47:26.254Z","pid":25540,"host":"LAPTOP-432I3LPG","node_version":"v20.10.0","msg":"Connected to the database server"}
{"level":"INFO","time":"2024-01-08T20:47:26.278Z","pid":25540,"host":"LAPTOP-432I3LPG","node_version":"v20.10.0","msg":"Server is listening on http://0.0.0.0:3001"}
{"level":"DEBUG","time":"2024-01-08T20:47:26.348Z","pid":25540,"host":"LAPTOP-432I3LPG","node_version":"v20.10.0","connection":"connecting","receivedPendingNotifications":false}
{"level":"INFO","time":"2024-01-08T20:47:26.718Z","pid":25540,"host":"LAPTOP-432I3LPG","node_version":"v20.10.0","browser":["WhatsApp Web","Chrome","10.0"],"helloMsg":{"clientHello":{"ephemeral":"gOhtF4goBtK3A5UbPYtk61ndbJ0zEb1tL8Lityjpsh0="}},"msg":"connected to WA"}
{"level":"INFO","time":"2024-01-08T20:47:26.945Z","pid":25540,"host":"LAPTOP-432I3LPG","node_version":"v20.10.0","node":{"username":"6281295504538","passive":true,"userAgent":{"platform":"MACOS","appVersion":{"primary":2,"secondary":2329,"tertiary":9},"mcc":"000","mnc":"000","osVersion":"0.1","manufacturer":"","device":"Desktop","osBuildNumber":"0.1","releaseChannel":"RELEASE","localeLanguageIso6391":"en","localeCountryIso31661Alpha2":"US"},"connectType":"WIFI_UNKNOWN","connectReason":"USER_ACTIVATED","device":2},"msg":"logging in..."}
{"level":"DEBUG","time":"2024-01-08T20:47:27.342Z","pid":25540,"host":"LAPTOP-432I3LPG","node_version":"v20.10.0","unhandled":true,"fromMe":false,"frame":{"tag":"ib","attrs":{"from":"@s.whatsapp.net"},"content":[{"tag":"edge_routing","attrs":{},"content":[{"tag":"routing_info","attrs":{},"content":{"type":"Buffer","data":[8,13,8,5]}}]}]},"msg":"communication recv"}
{"level":"INFO","time":"2024-01-08T20:47:27.397Z","pid":25540,"host":"LAPTOP-432I3LPG","node_version":"v20.10.0","msg":"29 pre-keys found on server"}
{"level":"INFO","time":"2024-01-08T20:47:27.607Z","pid":25540,"host":"LAPTOP-432I3LPG","node_version":"v20.10.0","msg":"opened connection to WA"}
{"level":"DEBUG","time":"2024-01-08T20:47:27.614Z","pid":25540,"host":"LAPTOP-432I3LPG","node_version":"v20.10.0","isOnline":false}
{"level":"DEBUG","time":"2024-01-08T20:47:27.615Z","pid":25540,"host":"LAPTOP-432I3LPG","node_version":"v20.10.0","connection":"open"}
{"level":"INFO","time":"2024-01-08T20:47:27.648Z","pid":25540,"host":"LAPTOP-432I3LPG","node_version":"v20.10.0","msg":"handled 0 offline messages/notifications"}
{"level":"DEBUG","time":"2024-01-08T20:47:27.649Z","pid":25540,"host":"LAPTOP-432I3LPG","node_version":"v20.10.0","receivedPendingNotifications":true}
{"level":"DEBUG","time":"2024-01-08T20:47:27.827Z","pid":25540,"host":"LAPTOP-432I3LPG","node_version":"v20.10.0","msg":"fetched props"}
{"level":"DEBUG","time":"2024-01-08T20:47:27.851Z","pid":25540,"host":"LAPTOP-432I3LPG","node_version":"v20.10.0","msg":"fetched abt"}
{"level":"INFO","time":"2024-01-08T20:48:06.458Z","pid":24348,"host":"LAPTOP-432I3LPG","node_version":"v20.10.0","msg":"Connected to the database server"}
{"level":"INFO","time":"2024-01-08T20:48:06.481Z","pid":24348,"host":"LAPTOP-432I3LPG","node_version":"v20.10.0","msg":"Server is listening on http://0.0.0.0:3001"}
{"level":"DEBUG","time":"2024-01-08T20:48:06.554Z","pid":24348,"host":"LAPTOP-432I3LPG","node_version":"v20.10.0","connection":"connecting","receivedPendingNotifications":false}
{"level":"INFO","time":"2024-01-08T20:48:06.833Z","pid":24348,"host":"LAPTOP-432I3LPG","node_version":"v20.10.0","browser":["WhatsApp Web","Chrome","10.0"],"helloMsg":{"clientHello":{"ephemeral":"tq7Km9V6JsKgy7fPXguP/JbGKRsWxlKgAgBnzyhlp14="}},"msg":"connected to WA"}
{"level":"INFO","time":"2024-01-08T20:48:07.079Z","pid":24348,"host":"LAPTOP-432I3LPG","node_version":"v20.10.0","node":{"username":"6281295504538","passive":true,"userAgent":{"platform":"MACOS","appVersion":{"primary":2,"secondary":2329,"tertiary":9},"mcc":"000","mnc":"000","osVersion":"0.1","manufacturer":"","device":"Desktop","osBuildNumber":"0.1","releaseChannel":"RELEASE","localeLanguageIso6391":"en","localeCountryIso31661Alpha2":"US"},"connectType":"WIFI_UNKNOWN","connectReason":"USER_ACTIVATED","device":2},"msg":"logging in..."}
{"level":"DEBUG","time":"2024-01-08T20:48:07.431Z","pid":24348,"host":"LAPTOP-432I3LPG","node_version":"v20.10.0","unhandled":true,"fromMe":false,"frame":{"tag":"ib","attrs":{"from":"@s.whatsapp.net"},"content":[{"tag":"edge_routing","attrs":{},"content":[{"tag":"routing_info","attrs":{},"content":{"type":"Buffer","data":[8,13,8,5]}}]}]},"msg":"communication recv"}
{"level":"INFO","time":"2024-01-08T20:48:07.565Z","pid":24348,"host":"LAPTOP-432I3LPG","node_version":"v20.10.0","msg":"29 pre-keys found on server"}
{"level":"INFO","time":"2024-01-08T20:48:07.793Z","pid":24348,"host":"LAPTOP-432I3LPG","node_version":"v20.10.0","msg":"opened connection to WA"}
{"level":"DEBUG","time":"2024-01-08T20:48:07.802Z","pid":24348,"host":"LAPTOP-432I3LPG","node_version":"v20.10.0","isOnline":false}
{"level":"DEBUG","time":"2024-01-08T20:48:07.804Z","pid":24348,"host":"LAPTOP-432I3LPG","node_version":"v20.10.0","connection":"open"}
{"level":"INFO","time":"2024-01-08T20:48:07.807Z","pid":24348,"host":"LAPTOP-432I3LPG","node_version":"v20.10.0","msg":"handled 0 offline messages/notifications"}
{"level":"DEBUG","time":"2024-01-08T20:48:07.807Z","pid":24348,"host":"LAPTOP-432I3LPG","node_version":"v20.10.0","receivedPendingNotifications":true}
{"level":"DEBUG","time":"2024-01-08T20:48:08.038Z","pid":24348,"host":"LAPTOP-432I3LPG","node_version":"v20.10.0","msg":"fetched props"}
{"level":"DEBUG","time":"2024-01-08T20:48:08.062Z","pid":24348,"host":"LAPTOP-432I3LPG","node_version":"v20.10.0","msg":"fetched abt"}
{"level":"INFO","time":"2024-01-08T20:50:24.599Z","pid":25108,"host":"LAPTOP-432I3LPG","node_version":"v20.10.0","msg":"Connected to the database server"}
{"level":"INFO","time":"2024-01-08T20:50:24.623Z","pid":25108,"host":"LAPTOP-432I3LPG","node_version":"v20.10.0","msg":"Server is listening on http://0.0.0.0:3001"}
{"level":"DEBUG","time":"2024-01-08T20:50:24.695Z","pid":25108,"host":"LAPTOP-432I3LPG","node_version":"v20.10.0","connection":"connecting","receivedPendingNotifications":false}
{"level":"INFO","time":"2024-01-08T20:50:25.644Z","pid":25108,"host":"LAPTOP-432I3LPG","node_version":"v20.10.0","browser":["WhatsApp Web","Chrome","10.0"],"helloMsg":{"clientHello":{"ephemeral":"f38yHx3Qc5lnIeWQswkTQJ/eYzeFHufe83LHn+QFFj8="}},"msg":"connected to WA"}
{"level":"INFO","time":"2024-01-08T20:50:25.989Z","pid":25108,"host":"LAPTOP-432I3LPG","node_version":"v20.10.0","node":{"username":"6281295504538","passive":true,"userAgent":{"platform":"MACOS","appVersion":{"primary":2,"secondary":2329,"tertiary":9},"mcc":"000","mnc":"000","osVersion":"0.1","manufacturer":"","device":"Desktop","osBuildNumber":"0.1","releaseChannel":"RELEASE","localeLanguageIso6391":"en","localeCountryIso31661Alpha2":"US"},"connectType":"WIFI_UNKNOWN","connectReason":"USER_ACTIVATED","device":2},"msg":"logging in..."}
{"level":"INFO","time":"2024-01-08T20:50:25.999Z","pid":25108,"host":"LAPTOP-432I3LPG","node_version":"v20.10.0","req":{"id":1,"method":"PUT","url":"/products/:productId/edit","query":{},"params":{},"headers":{"authorization":"Bearer eyJhbGciOiJIUzI1NiIsInR5cCI6IkpXVCJ9.eyJlbWFpbCI6Imloc2FudWwyMDAxQGdtYWlsLmNvbSIsImlhdCI6MTcwNDczNzY1OSwiZXhwIjoxNzA0ODI0MDU5fQ.v5nXerDLygPdYfMARr0kJglqD80G1Im2XhAg3nuJ13U","content-type":"application/json","user-agent":"PostmanRuntime/7.36.0","accept":"*/*","cache-control":"no-cache","postman-token":"f236a3cf-9030-48c5-bd55-21ca825771b2","host":"localhost:3001","accept-encoding":"gzip, deflate, br","connection":"keep-alive","content-length":"64"},"remoteAddress":"127.0.0.1","remotePort":29866},"res":{"statusCode":400,"headers":{"x-powered-by":"Express","access-control-allow-origin":"*","content-type":"application/json; charset=utf-8","content-length":"24","etag":"W/\"18-kjtDEe2nOa6LtMH8CIJPQuffVmM\"","vary":"Accept-Encoding"}},"responseTime":226,"msg":"request completed"}
{"level":"DEBUG","time":"2024-01-08T20:50:26.580Z","pid":25108,"host":"LAPTOP-432I3LPG","node_version":"v20.10.0","unhandled":true,"fromMe":false,"frame":{"tag":"ib","attrs":{"from":"@s.whatsapp.net"},"content":[{"tag":"edge_routing","attrs":{},"content":[{"tag":"routing_info","attrs":{},"content":{"type":"Buffer","data":[8,13,8,5]}}]}]},"msg":"communication recv"}
{"level":"INFO","time":"2024-01-08T20:50:26.775Z","pid":25108,"host":"LAPTOP-432I3LPG","node_version":"v20.10.0","msg":"29 pre-keys found on server"}
{"level":"INFO","time":"2024-01-08T20:50:27.091Z","pid":25108,"host":"LAPTOP-432I3LPG","node_version":"v20.10.0","msg":"opened connection to WA"}
{"level":"DEBUG","time":"2024-01-08T20:50:27.099Z","pid":25108,"host":"LAPTOP-432I3LPG","node_version":"v20.10.0","isOnline":false}
{"level":"DEBUG","time":"2024-01-08T20:50:27.100Z","pid":25108,"host":"LAPTOP-432I3LPG","node_version":"v20.10.0","connection":"open"}
{"level":"INFO","time":"2024-01-08T20:50:27.206Z","pid":25108,"host":"LAPTOP-432I3LPG","node_version":"v20.10.0","msg":"handled 0 offline messages/notifications"}
{"level":"DEBUG","time":"2024-01-08T20:50:27.206Z","pid":25108,"host":"LAPTOP-432I3LPG","node_version":"v20.10.0","receivedPendingNotifications":true}
{"level":"DEBUG","time":"2024-01-08T20:50:27.419Z","pid":25108,"host":"LAPTOP-432I3LPG","node_version":"v20.10.0","msg":"fetched props"}
{"level":"DEBUG","time":"2024-01-08T20:50:27.455Z","pid":25108,"host":"LAPTOP-432I3LPG","node_version":"v20.10.0","msg":"fetched abt"}
{"level":"INFO","time":"2024-01-08T20:50:45.260Z","pid":25108,"host":"LAPTOP-432I3LPG","node_version":"v20.10.0","req":{"id":2,"method":"PUT","url":"/products/ede9c69a-d327-40fa-bbb5-d382c634131d/edit","query":{},"params":{},"headers":{"authorization":"Bearer eyJhbGciOiJIUzI1NiIsInR5cCI6IkpXVCJ9.eyJlbWFpbCI6Imloc2FudWwyMDAxQGdtYWlsLmNvbSIsImlhdCI6MTcwNDczNzY1OSwiZXhwIjoxNzA0ODI0MDU5fQ.v5nXerDLygPdYfMARr0kJglqD80G1Im2XhAg3nuJ13U","content-type":"application/json","user-agent":"PostmanRuntime/7.36.0","accept":"*/*","cache-control":"no-cache","postman-token":"143e34d0-0f20-4b95-9448-d2948662f359","host":"localhost:3001","accept-encoding":"gzip, deflate, br","connection":"keep-alive","content-length":"64"},"remoteAddress":"127.0.0.1","remotePort":29869},"res":{"statusCode":400,"headers":{"x-powered-by":"Express","access-control-allow-origin":"*","content-type":"application/json; charset=utf-8","content-length":"48","etag":"W/\"30-oUVazhJrNYc5PuBAW3/x7OEunnM\"","vary":"Accept-Encoding"}},"responseTime":18,"msg":"request completed"}
{"level":"INFO","time":"2024-01-08T20:50:59.451Z","pid":25108,"host":"LAPTOP-432I3LPG","node_version":"v20.10.0","req":{"id":3,"method":"GET","url":"/products/ede9c69a-d327-40fa-bbb5-d382c634131d","query":{},"params":{},"headers":{"authorization":"Bearer eyJhbGciOiJIUzI1NiIsInR5cCI6IkpXVCJ9.eyJlbWFpbCI6Imloc2FudWwyMDAxQGdtYWlsLmNvbSIsImlhdCI6MTcwNDczNzY1OSwiZXhwIjoxNzA0ODI0MDU5fQ.v5nXerDLygPdYfMARr0kJglqD80G1Im2XhAg3nuJ13U","user-agent":"PostmanRuntime/7.36.0","accept":"*/*","cache-control":"no-cache","postman-token":"ea52a519-2598-4c76-82b6-e9148eb82383","host":"localhost:3001","accept-encoding":"gzip, deflate, br","connection":"keep-alive"},"remoteAddress":"127.0.0.1","remotePort":29872},"res":{"statusCode":200,"headers":{"x-powered-by":"Express","access-control-allow-origin":"*","content-type":"application/json; charset=utf-8","content-length":"226","etag":"W/\"e2-asXNLcHn5Q2zgdD4htkguqxkrx0\"","vary":"Accept-Encoding"}},"responseTime":7,"msg":"request completed"}
{"level":"INFO","time":"2024-01-08T20:51:30.865Z","pid":25108,"host":"LAPTOP-432I3LPG","node_version":"v20.10.0","req":{"id":4,"method":"PUT","url":"/products/ede9c69a-d327-40fa-bbb5-d382c634131d/edit","query":{},"params":{},"headers":{"authorization":"Bearer eyJhbGciOiJIUzI1NiIsInR5cCI6IkpXVCJ9.eyJlbWFpbCI6Imloc2FudWwyMDAxQGdtYWlsLmNvbSIsImlhdCI6MTcwNDczNzY1OSwiZXhwIjoxNzA0ODI0MDU5fQ.v5nXerDLygPdYfMARr0kJglqD80G1Im2XhAg3nuJ13U","content-type":"application/json","user-agent":"PostmanRuntime/7.36.0","accept":"*/*","cache-control":"no-cache","postman-token":"1eea1a65-59b1-45e9-b7a8-93401ef5f4d1","host":"localhost:3001","accept-encoding":"gzip, deflate, br","connection":"keep-alive","content-length":"50"},"remoteAddress":"127.0.0.1","remotePort":29877},"res":{"statusCode":200,"headers":{"x-powered-by":"Express","access-control-allow-origin":"*","content-type":"application/json; charset=utf-8","content-length":"231","etag":"W/\"e7-Ex2So4aqBYXCD0yIuWNBaOdHF98\"","vary":"Accept-Encoding"}},"responseTime":410,"msg":"request completed"}
{"level":"INFO","time":"2024-01-08T20:51:54.216Z","pid":25108,"host":"LAPTOP-432I3LPG","node_version":"v20.10.0","req":{"id":5,"method":"PUT","url":"/products/ede9c69a-d327-40fa-bbb5-d382c634131d/edit","query":{},"params":{},"headers":{"authorization":"Bearer eyJhbGciOiJIUzI1NiIsInR5cCI6IkpXVCJ9.eyJlbWFpbCI6Imloc2FudWwyMDAxQGdtYWlsLmNvbSIsImlhdCI6MTcwNDczNzY1OSwiZXhwIjoxNzA0ODI0MDU5fQ.v5nXerDLygPdYfMARr0kJglqD80G1Im2XhAg3nuJ13U","content-type":"application/json","user-agent":"PostmanRuntime/7.36.0","accept":"*/*","cache-control":"no-cache","postman-token":"e14487f9-1ef2-4063-982f-0a327e268eb8","host":"localhost:3001","accept-encoding":"gzip, deflate, br","connection":"keep-alive","content-length":"50"},"remoteAddress":"127.0.0.1","remotePort":29896},"res":{"statusCode":400,"headers":{"x-powered-by":"Express","access-control-allow-origin":"*","content-type":"application/json; charset=utf-8","content-length":"48","etag":"W/\"30-oUVazhJrNYc5PuBAW3/x7OEunnM\"","vary":"Accept-Encoding"}},"responseTime":13,"msg":"request completed"}
{"level":"INFO","time":"2024-01-08T20:51:59.654Z","pid":25108,"host":"LAPTOP-432I3LPG","node_version":"v20.10.0","req":{"id":6,"method":"GET","url":"/products","query":{},"params":{},"headers":{"authorization":"Bearer eyJhbGciOiJIUzI1NiIsInR5cCI6IkpXVCJ9.eyJlbWFpbCI6Imloc2FudWwyMDAxQGdtYWlsLmNvbSIsImlhdCI6MTcwNDczNzY1OSwiZXhwIjoxNzA0ODI0MDU5fQ.v5nXerDLygPdYfMARr0kJglqD80G1Im2XhAg3nuJ13U","user-agent":"PostmanRuntime/7.36.0","accept":"*/*","cache-control":"no-cache","postman-token":"167a0e31-ee5c-4c86-b114-6981a9e55614","host":"localhost:3001","accept-encoding":"gzip, deflate, br","connection":"keep-alive"},"remoteAddress":"127.0.0.1","remotePort":29902},"res":{"statusCode":200,"headers":{"x-powered-by":"Express","access-control-allow-origin":"*","content-type":"application/json; charset=utf-8","content-length":"461","etag":"W/\"1cd-4LiJaoBY5yubEogYvEyRxPKB3fg\"","vary":"Accept-Encoding"}},"responseTime":7,"msg":"request completed"}
{"level":"INFO","time":"2024-01-08T20:53:09.068Z","pid":8000,"host":"LAPTOP-432I3LPG","node_version":"v20.10.0","msg":"Connected to the database server"}
{"level":"INFO","time":"2024-01-08T20:53:09.093Z","pid":8000,"host":"LAPTOP-432I3LPG","node_version":"v20.10.0","msg":"Server is listening on http://0.0.0.0:3001"}
{"level":"DEBUG","time":"2024-01-08T20:53:09.165Z","pid":8000,"host":"LAPTOP-432I3LPG","node_version":"v20.10.0","connection":"connecting","receivedPendingNotifications":false}
{"level":"INFO","time":"2024-01-08T20:53:09.464Z","pid":8000,"host":"LAPTOP-432I3LPG","node_version":"v20.10.0","browser":["WhatsApp Web","Chrome","10.0"],"helloMsg":{"clientHello":{"ephemeral":"IPWS4LheZoFxj62qepiEKo42NiNY/XczdaDocgNvFAo="}},"msg":"connected to WA"}
{"level":"INFO","time":"2024-01-08T20:53:09.729Z","pid":8000,"host":"LAPTOP-432I3LPG","node_version":"v20.10.0","node":{"username":"6281295504538","passive":true,"userAgent":{"platform":"MACOS","appVersion":{"primary":2,"secondary":2329,"tertiary":9},"mcc":"000","mnc":"000","osVersion":"0.1","manufacturer":"","device":"Desktop","osBuildNumber":"0.1","releaseChannel":"RELEASE","localeLanguageIso6391":"en","localeCountryIso31661Alpha2":"US"},"connectType":"WIFI_UNKNOWN","connectReason":"USER_ACTIVATED","device":2},"msg":"logging in..."}
{"level":"INFO","time":"2024-01-08T20:53:15.022Z","pid":6704,"host":"LAPTOP-432I3LPG","node_version":"v20.10.0","msg":"Connected to the database server"}
{"level":"INFO","time":"2024-01-08T20:53:15.038Z","pid":6704,"host":"LAPTOP-432I3LPG","node_version":"v20.10.0","msg":"Server is listening on http://0.0.0.0:3001"}
{"level":"DEBUG","time":"2024-01-08T20:53:15.086Z","pid":6704,"host":"LAPTOP-432I3LPG","node_version":"v20.10.0","connection":"connecting","receivedPendingNotifications":false}
{"level":"INFO","time":"2024-01-08T20:53:15.374Z","pid":6704,"host":"LAPTOP-432I3LPG","node_version":"v20.10.0","browser":["WhatsApp Web","Chrome","10.0"],"helloMsg":{"clientHello":{"ephemeral":"4ZTo0Zwo2EJc3Wfto5jwfCZ0eS1ApMH8CtwM30jcNik="}},"msg":"connected to WA"}
{"level":"INFO","time":"2024-01-08T20:53:15.631Z","pid":6704,"host":"LAPTOP-432I3LPG","node_version":"v20.10.0","node":{"username":"6281295504538","passive":true,"userAgent":{"platform":"MACOS","appVersion":{"primary":2,"secondary":2329,"tertiary":9},"mcc":"000","mnc":"000","osVersion":"0.1","manufacturer":"","device":"Desktop","osBuildNumber":"0.1","releaseChannel":"RELEASE","localeLanguageIso6391":"en","localeCountryIso31661Alpha2":"US"},"connectType":"WIFI_UNKNOWN","connectReason":"USER_ACTIVATED","device":2},"msg":"logging in..."}
{"level":"DEBUG","time":"2024-01-08T20:53:16.003Z","pid":6704,"host":"LAPTOP-432I3LPG","node_version":"v20.10.0","unhandled":true,"fromMe":false,"frame":{"tag":"ib","attrs":{"from":"@s.whatsapp.net"},"content":[{"tag":"edge_routing","attrs":{},"content":[{"tag":"routing_info","attrs":{},"content":{"type":"Buffer","data":[8,13,8,5]}}]}]},"msg":"communication recv"}
{"level":"INFO","time":"2024-01-08T20:53:16.146Z","pid":6704,"host":"LAPTOP-432I3LPG","node_version":"v20.10.0","msg":"29 pre-keys found on server"}
{"level":"INFO","time":"2024-01-08T20:53:16.386Z","pid":6704,"host":"LAPTOP-432I3LPG","node_version":"v20.10.0","msg":"opened connection to WA"}
{"level":"DEBUG","time":"2024-01-08T20:53:16.396Z","pid":6704,"host":"LAPTOP-432I3LPG","node_version":"v20.10.0","isOnline":false}
{"level":"DEBUG","time":"2024-01-08T20:53:16.398Z","pid":6704,"host":"LAPTOP-432I3LPG","node_version":"v20.10.0","connection":"open"}
{"level":"INFO","time":"2024-01-08T20:53:16.418Z","pid":6704,"host":"LAPTOP-432I3LPG","node_version":"v20.10.0","msg":"handled 0 offline messages/notifications"}
{"level":"DEBUG","time":"2024-01-08T20:53:16.418Z","pid":6704,"host":"LAPTOP-432I3LPG","node_version":"v20.10.0","receivedPendingNotifications":true}
{"level":"DEBUG","time":"2024-01-08T20:53:16.663Z","pid":6704,"host":"LAPTOP-432I3LPG","node_version":"v20.10.0","msg":"fetched abt"}
{"level":"DEBUG","time":"2024-01-08T20:53:16.666Z","pid":6704,"host":"LAPTOP-432I3LPG","node_version":"v20.10.0","msg":"fetched props"}
{"level":"INFO","time":"2024-01-08T20:57:22.028Z","pid":2724,"host":"LAPTOP-432I3LPG","node_version":"v20.10.0","msg":"Connected to the database server"}
{"level":"INFO","time":"2024-01-08T20:57:22.051Z","pid":2724,"host":"LAPTOP-432I3LPG","node_version":"v20.10.0","msg":"Server is listening on http://0.0.0.0:3001"}
{"level":"DEBUG","time":"2024-01-08T20:57:22.121Z","pid":2724,"host":"LAPTOP-432I3LPG","node_version":"v20.10.0","connection":"connecting","receivedPendingNotifications":false}
{"level":"INFO","time":"2024-01-08T20:57:22.515Z","pid":2724,"host":"LAPTOP-432I3LPG","node_version":"v20.10.0","browser":["WhatsApp Web","Chrome","10.0"],"helloMsg":{"clientHello":{"ephemeral":"TE74POu0zEtJpMgs+XOZg0F+sBJFi+XcpM0H+rdCgFA="}},"msg":"connected to WA"}
{"level":"INFO","time":"2024-01-08T20:57:22.854Z","pid":2724,"host":"LAPTOP-432I3LPG","node_version":"v20.10.0","node":{"username":"6281295504538","passive":true,"userAgent":{"platform":"MACOS","appVersion":{"primary":2,"secondary":2329,"tertiary":9},"mcc":"000","mnc":"000","osVersion":"0.1","manufacturer":"","device":"Desktop","osBuildNumber":"0.1","releaseChannel":"RELEASE","localeLanguageIso6391":"en","localeCountryIso31661Alpha2":"US"},"connectType":"WIFI_UNKNOWN","connectReason":"USER_ACTIVATED","device":2},"msg":"logging in..."}
{"level":"DEBUG","time":"2024-01-08T20:57:23.467Z","pid":2724,"host":"LAPTOP-432I3LPG","node_version":"v20.10.0","unhandled":true,"fromMe":false,"frame":{"tag":"ib","attrs":{"from":"@s.whatsapp.net"},"content":[{"tag":"edge_routing","attrs":{},"content":[{"tag":"routing_info","attrs":{},"content":{"type":"Buffer","data":[8,13,8,5]}}]}]},"msg":"communication recv"}
{"level":"INFO","time":"2024-01-08T20:57:23.655Z","pid":2724,"host":"LAPTOP-432I3LPG","node_version":"v20.10.0","msg":"29 pre-keys found on server"}
{"level":"INFO","time":"2024-01-08T20:57:23.974Z","pid":2724,"host":"LAPTOP-432I3LPG","node_version":"v20.10.0","msg":"opened connection to WA"}
{"level":"DEBUG","time":"2024-01-08T20:57:23.983Z","pid":2724,"host":"LAPTOP-432I3LPG","node_version":"v20.10.0","isOnline":false}
{"level":"DEBUG","time":"2024-01-08T20:57:23.985Z","pid":2724,"host":"LAPTOP-432I3LPG","node_version":"v20.10.0","connection":"open"}
{"level":"INFO","time":"2024-01-08T20:57:24.086Z","pid":2724,"host":"LAPTOP-432I3LPG","node_version":"v20.10.0","msg":"handled 0 offline messages/notifications"}
{"level":"DEBUG","time":"2024-01-08T20:57:24.087Z","pid":2724,"host":"LAPTOP-432I3LPG","node_version":"v20.10.0","receivedPendingNotifications":true}
{"level":"DEBUG","time":"2024-01-08T20:57:24.307Z","pid":2724,"host":"LAPTOP-432I3LPG","node_version":"v20.10.0","msg":"fetched props"}
{"level":"DEBUG","time":"2024-01-08T20:57:24.342Z","pid":2724,"host":"LAPTOP-432I3LPG","node_version":"v20.10.0","msg":"fetched abt"}
{"level":"INFO","time":"2024-01-08T20:57:40.728Z","pid":10820,"host":"LAPTOP-432I3LPG","node_version":"v20.10.0","msg":"Connected to the database server"}
{"level":"INFO","time":"2024-01-08T20:57:40.751Z","pid":10820,"host":"LAPTOP-432I3LPG","node_version":"v20.10.0","msg":"Server is listening on http://0.0.0.0:3001"}
{"level":"DEBUG","time":"2024-01-08T20:57:40.828Z","pid":10820,"host":"LAPTOP-432I3LPG","node_version":"v20.10.0","connection":"connecting","receivedPendingNotifications":false}
{"level":"INFO","time":"2024-01-08T20:57:41.489Z","pid":10820,"host":"LAPTOP-432I3LPG","node_version":"v20.10.0","browser":["WhatsApp Web","Chrome","10.0"],"helloMsg":{"clientHello":{"ephemeral":"3K8FFZJ8F8S42gZoxFpy77IKU4W9EdyBkvCKxFQWpUc="}},"msg":"connected to WA"}
{"level":"INFO","time":"2024-01-08T20:57:41.737Z","pid":10820,"host":"LAPTOP-432I3LPG","node_version":"v20.10.0","node":{"username":"6281295504538","passive":true,"userAgent":{"platform":"MACOS","appVersion":{"primary":2,"secondary":2329,"tertiary":9},"mcc":"000","mnc":"000","osVersion":"0.1","manufacturer":"","device":"Desktop","osBuildNumber":"0.1","releaseChannel":"RELEASE","localeLanguageIso6391":"en","localeCountryIso31661Alpha2":"US"},"connectType":"WIFI_UNKNOWN","connectReason":"USER_ACTIVATED","device":2},"msg":"logging in..."}
{"level":"DEBUG","time":"2024-01-08T20:57:42.096Z","pid":10820,"host":"LAPTOP-432I3LPG","node_version":"v20.10.0","unhandled":true,"fromMe":false,"frame":{"tag":"ib","attrs":{"from":"@s.whatsapp.net"},"content":[{"tag":"edge_routing","attrs":{},"content":[{"tag":"routing_info","attrs":{},"content":{"type":"Buffer","data":[8,13,8,5]}}]}]},"msg":"communication recv"}
{"level":"INFO","time":"2024-01-08T20:57:42.315Z","pid":10820,"host":"LAPTOP-432I3LPG","node_version":"v20.10.0","msg":"29 pre-keys found on server"}
{"level":"INFO","time":"2024-01-08T20:57:42.542Z","pid":10820,"host":"LAPTOP-432I3LPG","node_version":"v20.10.0","msg":"opened connection to WA"}
{"level":"DEBUG","time":"2024-01-08T20:57:42.554Z","pid":10820,"host":"LAPTOP-432I3LPG","node_version":"v20.10.0","isOnline":false}
{"level":"DEBUG","time":"2024-01-08T20:57:42.556Z","pid":10820,"host":"LAPTOP-432I3LPG","node_version":"v20.10.0","connection":"open"}
{"level":"INFO","time":"2024-01-08T20:57:42.570Z","pid":10820,"host":"LAPTOP-432I3LPG","node_version":"v20.10.0","msg":"handled 0 offline messages/notifications"}
{"level":"DEBUG","time":"2024-01-08T20:57:42.571Z","pid":10820,"host":"LAPTOP-432I3LPG","node_version":"v20.10.0","receivedPendingNotifications":true}
{"level":"DEBUG","time":"2024-01-08T20:57:42.784Z","pid":10820,"host":"LAPTOP-432I3LPG","node_version":"v20.10.0","msg":"fetched props"}
{"level":"DEBUG","time":"2024-01-08T20:57:42.805Z","pid":10820,"host":"LAPTOP-432I3LPG","node_version":"v20.10.0","msg":"fetched abt"}
{"level":"INFO","time":"2024-01-08T20:57:52.515Z","pid":10820,"host":"LAPTOP-432I3LPG","node_version":"v20.10.0","req":{"id":1,"method":"PUT","url":"/products/ede9c69a-d327-40fa-bbb5-d382c634131d/edit","query":{},"params":{},"headers":{"authorization":"Bearer eyJhbGciOiJIUzI1NiIsInR5cCI6IkpXVCJ9.eyJlbWFpbCI6Imloc2FudWwyMDAxQGdtYWlsLmNvbSIsImlhdCI6MTcwNDczNzY1OSwiZXhwIjoxNzA0ODI0MDU5fQ.v5nXerDLygPdYfMARr0kJglqD80G1Im2XhAg3nuJ13U","content-type":"application/json","user-agent":"PostmanRuntime/7.36.0","accept":"*/*","cache-control":"no-cache","postman-token":"8ec018e5-b903-4a03-a3ba-1ffbf0d09287","host":"localhost:3001","accept-encoding":"gzip, deflate, br","connection":"keep-alive","content-length":"48"},"remoteAddress":"127.0.0.1","remotePort":30007},"res":{"statusCode":200,"headers":{"x-powered-by":"Express","access-control-allow-origin":"*","content-type":"application/json; charset=utf-8","content-length":"229","etag":"W/\"e5-WDjEqrza3n+4wNlaQYWPKVHCIAQ\"","vary":"Accept-Encoding"}},"responseTime":37,"msg":"request completed"}
{"level":"INFO","time":"2024-01-08T20:58:38.893Z","pid":10820,"host":"LAPTOP-432I3LPG","node_version":"v20.10.0","req":{"id":2,"method":"PATCH","url":"/products/ede9c69a-d327-40fa-bbb5-d382c634131d/amount","query":{},"params":{},"headers":{"authorization":"Bearer eyJhbGciOiJIUzI1NiIsInR5cCI6IkpXVCJ9.eyJlbWFpbCI6Imloc2FudWwyMDAxQGdtYWlsLmNvbSIsImlhdCI6MTcwNDczNzY1OSwiZXhwIjoxNzA0ODI0MDU5fQ.v5nXerDLygPdYfMARr0kJglqD80G1Im2XhAg3nuJ13U","content-type":"application/json","user-agent":"PostmanRuntime/7.36.0","accept":"*/*","cache-control":"no-cache","postman-token":"2351630c-7a0f-4423-8289-0975246d9ee7","host":"localhost:3001","accept-encoding":"gzip, deflate, br","connection":"keep-alive","content-length":"21"},"remoteAddress":"127.0.0.1","remotePort":30011},"res":{"statusCode":400,"headers":{"x-powered-by":"Express","access-control-allow-origin":"*","content-type":"application/json; charset=utf-8","content-length":"48","etag":"W/\"30-oUVazhJrNYc5PuBAW3/x7OEunnM\"","vary":"Accept-Encoding"}},"responseTime":11,"msg":"request completed"}
{"level":"INFO","time":"2024-01-08T20:58:52.115Z","pid":18484,"host":"LAPTOP-432I3LPG","node_version":"v20.10.0","msg":"Connected to the database server"}
{"level":"INFO","time":"2024-01-08T20:58:52.139Z","pid":18484,"host":"LAPTOP-432I3LPG","node_version":"v20.10.0","msg":"Server is listening on http://0.0.0.0:3001"}
{"level":"DEBUG","time":"2024-01-08T20:58:52.210Z","pid":18484,"host":"LAPTOP-432I3LPG","node_version":"v20.10.0","connection":"connecting","receivedPendingNotifications":false}
{"level":"INFO","time":"2024-01-08T20:58:52.755Z","pid":18484,"host":"LAPTOP-432I3LPG","node_version":"v20.10.0","req":{"id":1,"method":"PATCH","url":"/products/ede9c69a-d327-40fa-bbb5-d382c634131d/amount","query":{},"params":{},"headers":{"authorization":"Bearer eyJhbGciOiJIUzI1NiIsInR5cCI6IkpXVCJ9.eyJlbWFpbCI6Imloc2FudWwyMDAxQGdtYWlsLmNvbSIsImlhdCI6MTcwNDczNzY1OSwiZXhwIjoxNzA0ODI0MDU5fQ.v5nXerDLygPdYfMARr0kJglqD80G1Im2XhAg3nuJ13U","content-type":"application/json","user-agent":"PostmanRuntime/7.36.0","accept":"*/*","cache-control":"no-cache","postman-token":"24438f5e-2eba-4229-9913-7e078a702fe9","host":"localhost:3001","accept-encoding":"gzip, deflate, br","connection":"keep-alive","content-length":"21"},"remoteAddress":"127.0.0.1","remotePort":30033},"res":{"statusCode":200,"headers":{"x-powered-by":"Express","access-control-allow-origin":"*","content-type":"application/json; charset=utf-8","content-length":"229","etag":"W/\"e5-WDjEqrza3n+4wNlaQYWPKVHCIAQ\"","vary":"Accept-Encoding"}},"responseTime":39,"msg":"request completed"}
{"level":"INFO","time":"2024-01-08T20:58:52.959Z","pid":18484,"host":"LAPTOP-432I3LPG","node_version":"v20.10.0","browser":["WhatsApp Web","Chrome","10.0"],"helloMsg":{"clientHello":{"ephemeral":"Ud2UeUYKWFSB81c7bl0TrEm9lXka3vp8XFb0iLvMzAY="}},"msg":"connected to WA"}
{"level":"INFO","time":"2024-01-08T20:58:53.221Z","pid":18484,"host":"LAPTOP-432I3LPG","node_version":"v20.10.0","node":{"username":"6281295504538","passive":true,"userAgent":{"platform":"MACOS","appVersion":{"primary":2,"secondary":2329,"tertiary":9},"mcc":"000","mnc":"000","osVersion":"0.1","manufacturer":"","device":"Desktop","osBuildNumber":"0.1","releaseChannel":"RELEASE","localeLanguageIso6391":"en","localeCountryIso31661Alpha2":"US"},"connectType":"WIFI_UNKNOWN","connectReason":"USER_ACTIVATED","device":2},"msg":"logging in..."}
{"level":"DEBUG","time":"2024-01-08T20:58:53.588Z","pid":18484,"host":"LAPTOP-432I3LPG","node_version":"v20.10.0","unhandled":true,"fromMe":false,"frame":{"tag":"ib","attrs":{"from":"@s.whatsapp.net"},"content":[{"tag":"edge_routing","attrs":{},"content":[{"tag":"routing_info","attrs":{},"content":{"type":"Buffer","data":[8,13,8,5]}}]}]},"msg":"communication recv"}
{"level":"INFO","time":"2024-01-08T20:58:53.729Z","pid":18484,"host":"LAPTOP-432I3LPG","node_version":"v20.10.0","msg":"29 pre-keys found on server"}
{"level":"INFO","time":"2024-01-08T20:58:53.966Z","pid":18484,"host":"LAPTOP-432I3LPG","node_version":"v20.10.0","msg":"opened connection to WA"}
{"level":"DEBUG","time":"2024-01-08T20:58:53.975Z","pid":18484,"host":"LAPTOP-432I3LPG","node_version":"v20.10.0","isOnline":false}
{"level":"DEBUG","time":"2024-01-08T20:58:53.977Z","pid":18484,"host":"LAPTOP-432I3LPG","node_version":"v20.10.0","connection":"open"}
{"level":"INFO","time":"2024-01-08T20:58:53.999Z","pid":18484,"host":"LAPTOP-432I3LPG","node_version":"v20.10.0","msg":"handled 0 offline messages/notifications"}
{"level":"DEBUG","time":"2024-01-08T20:58:54.000Z","pid":18484,"host":"LAPTOP-432I3LPG","node_version":"v20.10.0","receivedPendingNotifications":true}
{"level":"DEBUG","time":"2024-01-08T20:58:54.215Z","pid":18484,"host":"LAPTOP-432I3LPG","node_version":"v20.10.0","msg":"fetched props"}
{"level":"DEBUG","time":"2024-01-08T20:58:54.241Z","pid":18484,"host":"LAPTOP-432I3LPG","node_version":"v20.10.0","msg":"fetched abt"}
{"level":"INFO","time":"2024-01-08T20:59:04.567Z","pid":18484,"host":"LAPTOP-432I3LPG","node_version":"v20.10.0","req":{"id":2,"method":"GET","url":"/products","query":{},"params":{},"headers":{"authorization":"Bearer eyJhbGciOiJIUzI1NiIsInR5cCI6IkpXVCJ9.eyJlbWFpbCI6Imloc2FudWwyMDAxQGdtYWlsLmNvbSIsImlhdCI6MTcwNDczNzY1OSwiZXhwIjoxNzA0ODI0MDU5fQ.v5nXerDLygPdYfMARr0kJglqD80G1Im2XhAg3nuJ13U","user-agent":"PostmanRuntime/7.36.0","accept":"*/*","cache-control":"no-cache","postman-token":"2356232b-75d3-46ec-84ca-6f108f2e5d6b","host":"localhost:3001","accept-encoding":"gzip, deflate, br","connection":"keep-alive"},"remoteAddress":"127.0.0.1","remotePort":30036},"res":{"statusCode":200,"headers":{"x-powered-by":"Express","access-control-allow-origin":"*","content-type":"application/json; charset=utf-8","content-length":"459","etag":"W/\"1cb-1/M8KlbQzSrbJuiz5cv5NqYbAQU\"","vary":"Accept-Encoding"}},"responseTime":13,"msg":"request completed"}
{"level":"INFO","time":"2024-01-08T20:59:28.880Z","pid":18484,"host":"LAPTOP-432I3LPG","node_version":"v20.10.0","req":{"id":3,"method":"PATCH","url":"/products/ede9c69a-d327-40fa-bbb5-d382c634131d/amount","query":{},"params":{},"headers":{"authorization":"Bearer eyJhbGciOiJIUzI1NiIsInR5cCI6IkpXVCJ9.eyJlbWFpbCI6Imloc2FudWwyMDAxQGdtYWlsLmNvbSIsImlhdCI6MTcwNDczNzY1OSwiZXhwIjoxNzA0ODI0MDU5fQ.v5nXerDLygPdYfMARr0kJglqD80G1Im2XhAg3nuJ13U","content-type":"application/json","user-agent":"PostmanRuntime/7.36.0","accept":"*/*","cache-control":"no-cache","postman-token":"095883ea-76ea-4226-930e-86ce62aef357","host":"localhost:3001","accept-encoding":"gzip, deflate, br","connection":"keep-alive","content-length":"21"},"remoteAddress":"127.0.0.1","remotePort":30039},"res":{"statusCode":200,"headers":{"x-powered-by":"Express","access-control-allow-origin":"*","content-type":"application/json; charset=utf-8","content-length":"229","etag":"W/\"e5-JMf+FDzxD4hWVnYPTyAWdeive1Y\"","vary":"Accept-Encoding"}},"responseTime":20,"msg":"request completed"}
{"level":"INFO","time":"2024-01-08T20:59:57.175Z","pid":11232,"host":"LAPTOP-432I3LPG","node_version":"v20.10.0","msg":"Connected to the database server"}
{"level":"INFO","time":"2024-01-08T20:59:57.199Z","pid":11232,"host":"LAPTOP-432I3LPG","node_version":"v20.10.0","msg":"Server is listening on http://0.0.0.0:3001"}
{"level":"DEBUG","time":"2024-01-08T20:59:57.268Z","pid":11232,"host":"LAPTOP-432I3LPG","node_version":"v20.10.0","connection":"connecting","receivedPendingNotifications":false}
{"level":"INFO","time":"2024-01-08T20:59:57.990Z","pid":11232,"host":"LAPTOP-432I3LPG","node_version":"v20.10.0","browser":["WhatsApp Web","Chrome","10.0"],"helloMsg":{"clientHello":{"ephemeral":"xf6EoE7iXD7rnqrHlYsjdblGQj5xZcBJ/yD5K/uxBDM="}},"msg":"connected to WA"}
{"level":"INFO","time":"2024-01-08T20:59:58.244Z","pid":11232,"host":"LAPTOP-432I3LPG","node_version":"v20.10.0","node":{"username":"6281295504538","passive":true,"userAgent":{"platform":"MACOS","appVersion":{"primary":2,"secondary":2329,"tertiary":9},"mcc":"000","mnc":"000","osVersion":"0.1","manufacturer":"","device":"Desktop","osBuildNumber":"0.1","releaseChannel":"RELEASE","localeLanguageIso6391":"en","localeCountryIso31661Alpha2":"US"},"connectType":"WIFI_UNKNOWN","connectReason":"USER_ACTIVATED","device":2},"msg":"logging in..."}
{"level":"DEBUG","time":"2024-01-08T20:59:58.621Z","pid":11232,"host":"LAPTOP-432I3LPG","node_version":"v20.10.0","unhandled":true,"fromMe":false,"frame":{"tag":"ib","attrs":{"from":"@s.whatsapp.net"},"content":[{"tag":"edge_routing","attrs":{},"content":[{"tag":"routing_info","attrs":{},"content":{"type":"Buffer","data":[8,13,8,5]}}]}]},"msg":"communication recv"}
{"level":"INFO","time":"2024-01-08T20:59:58.756Z","pid":11232,"host":"LAPTOP-432I3LPG","node_version":"v20.10.0","msg":"29 pre-keys found on server"}
{"level":"INFO","time":"2024-01-08T20:59:58.994Z","pid":11232,"host":"LAPTOP-432I3LPG","node_version":"v20.10.0","msg":"opened connection to WA"}
{"level":"DEBUG","time":"2024-01-08T20:59:59.004Z","pid":11232,"host":"LAPTOP-432I3LPG","node_version":"v20.10.0","isOnline":false}
{"level":"DEBUG","time":"2024-01-08T20:59:59.005Z","pid":11232,"host":"LAPTOP-432I3LPG","node_version":"v20.10.0","connection":"open"}
{"level":"INFO","time":"2024-01-08T20:59:59.026Z","pid":11232,"host":"LAPTOP-432I3LPG","node_version":"v20.10.0","msg":"handled 0 offline messages/notifications"}
{"level":"DEBUG","time":"2024-01-08T20:59:59.027Z","pid":11232,"host":"LAPTOP-432I3LPG","node_version":"v20.10.0","receivedPendingNotifications":true}
{"level":"DEBUG","time":"2024-01-08T20:59:59.247Z","pid":11232,"host":"LAPTOP-432I3LPG","node_version":"v20.10.0","msg":"fetched props"}
{"level":"DEBUG","time":"2024-01-08T20:59:59.273Z","pid":11232,"host":"LAPTOP-432I3LPG","node_version":"v20.10.0","msg":"fetched abt"}
{"level":"INFO","time":"2024-01-08T21:00:10.020Z","pid":11232,"host":"LAPTOP-432I3LPG","node_version":"v20.10.0","req":{"id":1,"method":"GET","url":"/products","query":{},"params":{},"headers":{"authorization":"Bearer eyJhbGciOiJIUzI1NiIsInR5cCI6IkpXVCJ9.eyJlbWFpbCI6Imloc2FudWwyMDAxQGdtYWlsLmNvbSIsImlhdCI6MTcwNDczNzY1OSwiZXhwIjoxNzA0ODI0MDU5fQ.v5nXerDLygPdYfMARr0kJglqD80G1Im2XhAg3nuJ13U","user-agent":"PostmanRuntime/7.36.0","accept":"*/*","cache-control":"no-cache","postman-token":"a24260b2-77e4-4a6a-b4f5-99a9bfcb3d1c","host":"localhost:3001","accept-encoding":"gzip, deflate, br","connection":"keep-alive"},"remoteAddress":"127.0.0.1","remotePort":30047},"res":{"statusCode":200,"headers":{"x-powered-by":"Express","access-control-allow-origin":"*","content-type":"application/json; charset=utf-8","content-length":"459","etag":"W/\"1cb-YPNA04+v8Cqvl1sOcMA7//TQ48k\"","vary":"Accept-Encoding"}},"responseTime":17,"msg":"request completed"}
{"level":"DEBUG","time":"2024-01-08T21:14:58.839Z","pid":11232,"host":"LAPTOP-432I3LPG","node_version":"v20.10.0","unhandled":true,"fromMe":false,"frame":{"tag":"ib","attrs":{"from":"@s.whatsapp.net"},"content":[{"tag":"edge_routing","attrs":{},"content":[{"tag":"routing_info","attrs":{},"content":{"type":"Buffer","data":[8,13,8,5]}}]}]},"msg":"communication recv"}
{"level":"INFO","time":"2024-01-08T21:19:39.088Z","pid":9892,"host":"LAPTOP-432I3LPG","node_version":"v20.10.0","msg":"Connected to the database server"}
{"level":"INFO","time":"2024-01-08T21:19:39.106Z","pid":9892,"host":"LAPTOP-432I3LPG","node_version":"v20.10.0","msg":"Server is listening on http://0.0.0.0:3001"}
{"level":"DEBUG","time":"2024-01-08T21:19:39.153Z","pid":9892,"host":"LAPTOP-432I3LPG","node_version":"v20.10.0","connection":"connecting","receivedPendingNotifications":false}
{"level":"INFO","time":"2024-01-08T21:19:39.893Z","pid":9892,"host":"LAPTOP-432I3LPG","node_version":"v20.10.0","browser":["WhatsApp Web","Chrome","10.0"],"helloMsg":{"clientHello":{"ephemeral":"gy4Mnc9yNXlMZLwPJ90FXgbBR1UZNEJ7E9+rZVOX3G4="}},"msg":"connected to WA"}
{"level":"INFO","time":"2024-01-08T21:19:40.149Z","pid":9892,"host":"LAPTOP-432I3LPG","node_version":"v20.10.0","node":{"username":"6281295504538","passive":true,"userAgent":{"platform":"MACOS","appVersion":{"primary":2,"secondary":2329,"tertiary":9},"mcc":"000","mnc":"000","osVersion":"0.1","manufacturer":"","device":"Desktop","osBuildNumber":"0.1","releaseChannel":"RELEASE","localeLanguageIso6391":"en","localeCountryIso31661Alpha2":"US"},"connectType":"WIFI_UNKNOWN","connectReason":"USER_ACTIVATED","device":2},"msg":"logging in..."}
{"level":"DEBUG","time":"2024-01-08T21:19:40.526Z","pid":9892,"host":"LAPTOP-432I3LPG","node_version":"v20.10.0","unhandled":true,"fromMe":false,"frame":{"tag":"ib","attrs":{"from":"@s.whatsapp.net"},"content":[{"tag":"edge_routing","attrs":{},"content":[{"tag":"routing_info","attrs":{},"content":{"type":"Buffer","data":[8,13,8,5]}}]}]},"msg":"communication recv"}
{"level":"INFO","time":"2024-01-08T21:19:40.674Z","pid":9892,"host":"LAPTOP-432I3LPG","node_version":"v20.10.0","msg":"29 pre-keys found on server"}
{"level":"INFO","time":"2024-01-08T21:19:40.919Z","pid":9892,"host":"LAPTOP-432I3LPG","node_version":"v20.10.0","msg":"opened connection to WA"}
{"level":"DEBUG","time":"2024-01-08T21:19:40.925Z","pid":9892,"host":"LAPTOP-432I3LPG","node_version":"v20.10.0","isOnline":false}
{"level":"DEBUG","time":"2024-01-08T21:19:40.926Z","pid":9892,"host":"LAPTOP-432I3LPG","node_version":"v20.10.0","connection":"open"}
{"level":"INFO","time":"2024-01-08T21:19:40.945Z","pid":9892,"host":"LAPTOP-432I3LPG","node_version":"v20.10.0","msg":"handled 0 offline messages/notifications"}
{"level":"DEBUG","time":"2024-01-08T21:19:40.946Z","pid":9892,"host":"LAPTOP-432I3LPG","node_version":"v20.10.0","receivedPendingNotifications":true}
{"level":"DEBUG","time":"2024-01-08T21:19:41.174Z","pid":9892,"host":"LAPTOP-432I3LPG","node_version":"v20.10.0","msg":"fetched props"}
{"level":"DEBUG","time":"2024-01-08T21:19:41.199Z","pid":9892,"host":"LAPTOP-432I3LPG","node_version":"v20.10.0","msg":"fetched abt"}
{"level":"INFO","time":"2024-01-09T02:19:16.542Z","pid":9892,"host":"LAPTOP-432I3LPG","node_version":"v20.10.0","trace":"Error: Connection was lost\n    at Timeout._onTimeout (D:\\kuliah\\Tugas Akhir\\Whastapp API\\node_modules\\@whiskeysockets\\baileys\\lib\\Socket\\socket.js:303:17)\n    at listOnTimeout (node:internal/timers:573:17)\n    at processTimers (node:internal/timers:514:7)","msg":"connection errored"}
{"level":"DEBUG","time":"2024-01-09T02:19:16.543Z","pid":9892,"host":"LAPTOP-432I3LPG","node_version":"v20.10.0","connection":"close","lastDisconnect":{"error":{"data":null,"isBoom":true,"isServer":false,"output":{"statusCode":408,"payload":{"statusCode":408,"error":"Request Time-out","message":"Connection was lost"},"headers":{}}},"date":"2024-01-09T02:19:16.543Z"}}
{"level":"INFO","time":"2024-01-09T02:19:16.544Z","pid":9892,"host":"LAPTOP-432I3LPG","node_version":"v20.10.0","attempts":1,"sessionId":"b43c9862-2917-40dd-8c17-59872f6b0e30","msg":"Reconnecting..."}
{"level":"DEBUG","time":"2024-01-09T02:19:17.643Z","pid":9892,"host":"LAPTOP-432I3LPG","node_version":"v20.10.0","connection":"connecting","receivedPendingNotifications":false}
{"level":"INFO","time":"2024-01-09T02:19:17.648Z","pid":9892,"host":"LAPTOP-432I3LPG","node_version":"v20.10.0","trace":"Error: WebSocket Error (getaddrinfo ENOTFOUND web.whatsapp.com)\n    at WebSocketClient.<anonymous> (D:\\kuliah\\Tugas Akhir\\Whastapp API\\node_modules\\@whiskeysockets\\baileys\\lib\\Socket\\socket.js:585:17)\n    at WebSocketClient.emit (node:events:514:28)\n    at WebSocketClient.emit (node:domain:488:12)\n    at WebSocket.<anonymous> (D:\\kuliah\\Tugas Akhir\\Whastapp API\\node_modules\\@whiskeysockets\\baileys\\lib\\Socket\\Client\\web-socket-client.js:46:100)\n    at WebSocket.emit (node:events:514:28)\n    at WebSocket.emit (node:domain:488:12)\n    at emitErrorAndClose (D:\\kuliah\\Tugas Akhir\\Whastapp API\\node_modules\\ws\\lib\\websocket.js:1033:13)\n    at ClientRequest.<anonymous> (D:\\kuliah\\Tugas Akhir\\Whastapp API\\node_modules\\ws\\lib\\websocket.js:880:5)\n    at ClientRequest.emit (node:events:514:28)\n    at ClientRequest.emit (node:domain:488:12)","msg":"connection errored"}
{"level":"DEBUG","time":"2024-01-09T02:19:17.648Z","pid":9892,"host":"LAPTOP-432I3LPG","node_version":"v20.10.0","connection":"close","lastDisconnect":{"error":{"data":{"errno":-3008,"code":"ENOTFOUND","syscall":"getaddrinfo","hostname":"web.whatsapp.com"},"isBoom":true,"isServer":false,"output":{"statusCode":408,"payload":{"statusCode":408,"error":"Request Time-out","message":"WebSocket Error (getaddrinfo ENOTFOUND web.whatsapp.com)"},"headers":{}}},"date":"2024-01-09T02:19:17.648Z"}}
{"level":"INFO","time":"2024-01-09T02:19:17.648Z","pid":9892,"host":"LAPTOP-432I3LPG","node_version":"v20.10.0","attempts":2,"sessionId":"b43c9862-2917-40dd-8c17-59872f6b0e30","msg":"Reconnecting..."}
{"level":"DEBUG","time":"2024-01-09T02:19:17.660Z","pid":9892,"host":"LAPTOP-432I3LPG","node_version":"v20.10.0","connection":"connecting","receivedPendingNotifications":false}
{"level":"INFO","time":"2024-01-09T02:19:17.661Z","pid":9892,"host":"LAPTOP-432I3LPG","node_version":"v20.10.0","trace":"Error: WebSocket Error (getaddrinfo ENOTFOUND web.whatsapp.com)\n    at WebSocketClient.<anonymous> (D:\\kuliah\\Tugas Akhir\\Whastapp API\\node_modules\\@whiskeysockets\\baileys\\lib\\Socket\\socket.js:585:17)\n    at WebSocketClient.emit (node:events:514:28)\n    at WebSocketClient.emit (node:domain:488:12)\n    at WebSocket.<anonymous> (D:\\kuliah\\Tugas Akhir\\Whastapp API\\node_modules\\@whiskeysockets\\baileys\\lib\\Socket\\Client\\web-socket-client.js:46:100)\n    at WebSocket.emit (node:events:514:28)\n    at WebSocket.emit (node:domain:488:12)\n    at emitErrorAndClose (D:\\kuliah\\Tugas Akhir\\Whastapp API\\node_modules\\ws\\lib\\websocket.js:1033:13)\n    at ClientRequest.<anonymous> (D:\\kuliah\\Tugas Akhir\\Whastapp API\\node_modules\\ws\\lib\\websocket.js:880:5)\n    at ClientRequest.emit (node:events:514:28)\n    at ClientRequest.emit (node:domain:488:12)","msg":"connection errored"}
{"level":"DEBUG","time":"2024-01-09T02:19:17.661Z","pid":9892,"host":"LAPTOP-432I3LPG","node_version":"v20.10.0","connection":"close","lastDisconnect":{"error":{"data":{"errno":-3008,"code":"ENOTFOUND","syscall":"getaddrinfo","hostname":"web.whatsapp.com"},"isBoom":true,"isServer":false,"output":{"statusCode":408,"payload":{"statusCode":408,"error":"Request Time-out","message":"WebSocket Error (getaddrinfo ENOTFOUND web.whatsapp.com)"},"headers":{}}},"date":"2024-01-09T02:19:17.661Z"}}
{"level":"INFO","time":"2024-01-09T02:19:17.661Z","pid":9892,"host":"LAPTOP-432I3LPG","node_version":"v20.10.0","attempts":3,"sessionId":"b43c9862-2917-40dd-8c17-59872f6b0e30","msg":"Reconnecting..."}
{"level":"DEBUG","time":"2024-01-09T02:19:17.705Z","pid":9892,"host":"LAPTOP-432I3LPG","node_version":"v20.10.0","connection":"connecting","receivedPendingNotifications":false}
{"level":"INFO","time":"2024-01-09T02:19:17.706Z","pid":9892,"host":"LAPTOP-432I3LPG","node_version":"v20.10.0","trace":"Error: WebSocket Error (getaddrinfo ENOTFOUND web.whatsapp.com)\n    at WebSocketClient.<anonymous> (D:\\kuliah\\Tugas Akhir\\Whastapp API\\node_modules\\@whiskeysockets\\baileys\\lib\\Socket\\socket.js:585:17)\n    at WebSocketClient.emit (node:events:514:28)\n    at WebSocketClient.emit (node:domain:488:12)\n    at WebSocket.<anonymous> (D:\\kuliah\\Tugas Akhir\\Whastapp API\\node_modules\\@whiskeysockets\\baileys\\lib\\Socket\\Client\\web-socket-client.js:46:100)\n    at WebSocket.emit (node:events:514:28)\n    at WebSocket.emit (node:domain:488:12)\n    at emitErrorAndClose (D:\\kuliah\\Tugas Akhir\\Whastapp API\\node_modules\\ws\\lib\\websocket.js:1033:13)\n    at ClientRequest.<anonymous> (D:\\kuliah\\Tugas Akhir\\Whastapp API\\node_modules\\ws\\lib\\websocket.js:880:5)\n    at ClientRequest.emit (node:events:514:28)\n    at ClientRequest.emit (node:domain:488:12)","msg":"connection errored"}
{"level":"DEBUG","time":"2024-01-09T02:19:17.706Z","pid":9892,"host":"LAPTOP-432I3LPG","node_version":"v20.10.0","connection":"close","lastDisconnect":{"error":{"data":{"errno":-3008,"code":"ENOTFOUND","syscall":"getaddrinfo","hostname":"web.whatsapp.com"},"isBoom":true,"isServer":false,"output":{"statusCode":408,"payload":{"statusCode":408,"error":"Request Time-out","message":"WebSocket Error (getaddrinfo ENOTFOUND web.whatsapp.com)"},"headers":{}}},"date":"2024-01-09T02:19:17.706Z"}}
{"level":"INFO","time":"2024-01-09T02:19:17.706Z","pid":9892,"host":"LAPTOP-432I3LPG","node_version":"v20.10.0","attempts":4,"sessionId":"b43c9862-2917-40dd-8c17-59872f6b0e30","msg":"Reconnecting..."}
{"level":"DEBUG","time":"2024-01-09T02:19:17.714Z","pid":9892,"host":"LAPTOP-432I3LPG","node_version":"v20.10.0","connection":"connecting","receivedPendingNotifications":false}
{"level":"INFO","time":"2024-01-09T02:19:19.508Z","pid":9892,"host":"LAPTOP-432I3LPG","node_version":"v20.10.0","browser":["WhatsApp Web","Chrome","10.0"],"helloMsg":{"clientHello":{"ephemeral":"RDsPmRz8zhhuKxjHOE2GjGqNkRRmW966EQ/Zywf5jVU="}},"msg":"connected to WA"}
{"level":"INFO","time":"2024-01-09T02:19:19.760Z","pid":9892,"host":"LAPTOP-432I3LPG","node_version":"v20.10.0","node":{"username":"6281295504538","passive":true,"userAgent":{"platform":"MACOS","appVersion":{"primary":2,"secondary":2329,"tertiary":9},"mcc":"000","mnc":"000","osVersion":"0.1","manufacturer":"","device":"Desktop","osBuildNumber":"0.1","releaseChannel":"RELEASE","localeLanguageIso6391":"en","localeCountryIso31661Alpha2":"US"},"connectType":"WIFI_UNKNOWN","connectReason":"USER_ACTIVATED","device":2},"msg":"logging in..."}
{"level":"DEBUG","time":"2024-01-09T02:19:20.168Z","pid":9892,"host":"LAPTOP-432I3LPG","node_version":"v20.10.0","unhandled":true,"fromMe":false,"frame":{"tag":"ib","attrs":{"from":"@s.whatsapp.net"},"content":[{"tag":"edge_routing","attrs":{},"content":[{"tag":"routing_info","attrs":{},"content":{"type":"Buffer","data":[8,13,8,5]}}]}]},"msg":"communication recv"}
{"level":"INFO","time":"2024-01-09T02:19:20.355Z","pid":9892,"host":"LAPTOP-432I3LPG","node_version":"v20.10.0","msg":"29 pre-keys found on server"}
{"level":"INFO","time":"2024-01-09T02:19:20.592Z","pid":9892,"host":"LAPTOP-432I3LPG","node_version":"v20.10.0","msg":"opened connection to WA"}
{"level":"DEBUG","time":"2024-01-09T02:19:20.599Z","pid":9892,"host":"LAPTOP-432I3LPG","node_version":"v20.10.0","isOnline":false}
{"level":"DEBUG","time":"2024-01-09T02:19:20.600Z","pid":9892,"host":"LAPTOP-432I3LPG","node_version":"v20.10.0","connection":"open"}
{"level":"DEBUG","time":"2024-01-09T02:19:20.720Z","pid":9892,"host":"LAPTOP-432I3LPG","node_version":"v20.10.0","unhandled":true,"fromMe":false,"frame":{"tag":"ib","attrs":{"from":"@s.whatsapp.net"},"content":[{"tag":"offline_preview","attrs":{"count":"7","message":"0","receipt":"0","notification":"7","appdata":"0","call":"0"}}]},"msg":"communication recv"}
{"level":"DEBUG","time":"2024-01-09T02:19:20.721Z","pid":9892,"host":"LAPTOP-432I3LPG","node_version":"v20.10.0","recv":{"tag":"notification","attrs":{"from":"6288217209609@s.whatsapp.net","type":"devices","id":"176241358","lid":"68796870090807_1@s.whatsapp.net","offline":"0","t":"1704752345"}},"sent":{"id":"176241358","to":"6288217209609@s.whatsapp.net","class":"notification","type":"devices"},"msg":"sent ack"}
{"level":"DEBUG","time":"2024-01-09T02:19:20.725Z","pid":9892,"host":"LAPTOP-432I3LPG","node_version":"v20.10.0","recv":{"tag":"notification","attrs":{"from":"6281252858955@s.whatsapp.net","type":"devices","id":"3371829252","lid":"208739772690614_1@s.whatsapp.net","offline":"0","t":"1704757159"}},"sent":{"id":"3371829252","to":"6281252858955@s.whatsapp.net","class":"notification","type":"devices"},"msg":"sent ack"}
{"level":"DEBUG","time":"2024-01-09T02:19:20.726Z","pid":9892,"host":"LAPTOP-432I3LPG","node_version":"v20.10.0","recv":{"tag":"notification","attrs":{"from":"6285655601982@s.whatsapp.net","type":"devices","id":"2595285870","lid":"149705463984173_1@s.whatsapp.net","offline":"0","t":"1704757413"}},"sent":{"id":"2595285870","to":"6285655601982@s.whatsapp.net","class":"notification","type":"devices"},"msg":"sent ack"}
{"level":"DEBUG","time":"2024-01-09T02:19:20.728Z","pid":9892,"host":"LAPTOP-432I3LPG","node_version":"v20.10.0","recv":{"tag":"notification","attrs":{"from":"6281357835164@s.whatsapp.net","type":"devices","id":"3778619949","lid":"41205983391858_1@s.whatsapp.net","offline":"0","t":"1704758770"}},"sent":{"id":"3778619949","to":"6281357835164@s.whatsapp.net","class":"notification","type":"devices"},"msg":"sent ack"}
{"level":"DEBUG","time":"2024-01-09T02:19:20.729Z","pid":9892,"host":"LAPTOP-432I3LPG","node_version":"v20.10.0","recv":{"tag":"notification","attrs":{"from":"62895363402509@s.whatsapp.net","type":"contacts","id":"1944192323","offline":"0","t":"1704759991"}},"sent":{"id":"1944192323","to":"62895363402509@s.whatsapp.net","class":"notification","type":"contacts"},"msg":"sent ack"}
{"level":"DEBUG","time":"2024-01-09T02:19:20.730Z","pid":9892,"host":"LAPTOP-432I3LPG","node_version":"v20.10.0","recv":{"tag":"notification","attrs":{"from":"628155013228@s.whatsapp.net","type":"devices","id":"1538917323","lid":"171871756624022_1@s.whatsapp.net","offline":"0","t":"1704765909"}},"sent":{"id":"1538917323","to":"628155013228@s.whatsapp.net","class":"notification","type":"devices"},"msg":"sent ack"}
{"level":"DEBUG","time":"2024-01-09T02:19:20.732Z","pid":9892,"host":"LAPTOP-432I3LPG","node_version":"v20.10.0","recv":{"tag":"notification","attrs":{"from":"6287881706902@s.whatsapp.net","type":"devices","id":"1137296769","lid":"228350543048880_1@s.whatsapp.net","offline":"0","t":"1704766522"}},"sent":{"id":"1137296769","to":"6287881706902@s.whatsapp.net","class":"notification","type":"devices"},"msg":"sent ack"}
{"level":"INFO","time":"2024-01-09T02:19:20.734Z","pid":9892,"host":"LAPTOP-432I3LPG","node_version":"v20.10.0","msg":"handled 7 offline messages/notifications"}
{"level":"DEBUG","time":"2024-01-09T02:19:20.734Z","pid":9892,"host":"LAPTOP-432I3LPG","node_version":"v20.10.0","receivedPendingNotifications":true}
{"level":"DEBUG","time":"2024-01-09T02:19:20.925Z","pid":9892,"host":"LAPTOP-432I3LPG","node_version":"v20.10.0","msg":"fetched abt"}
{"level":"DEBUG","time":"2024-01-09T02:19:20.954Z","pid":9892,"host":"LAPTOP-432I3LPG","node_version":"v20.10.0","msg":"fetched props"}
{"level":"DEBUG","time":"2024-01-09T02:21:06.986Z","pid":9892,"host":"LAPTOP-432I3LPG","node_version":"v20.10.0","recv":{"tag":"notification","attrs":{"from":"6287881706902@s.whatsapp.net","type":"devices","id":"49769524","lid":"228350543048880_1@s.whatsapp.net","t":"1704766869"}},"sent":{"id":"49769524","to":"6287881706902@s.whatsapp.net","class":"notification","type":"devices"},"msg":"sent ack"}
{"level":"DEBUG","time":"2024-01-09T02:34:21.301Z","pid":9892,"host":"LAPTOP-432I3LPG","node_version":"v20.10.0","unhandled":true,"fromMe":false,"frame":{"tag":"ib","attrs":{"from":"@s.whatsapp.net"},"content":[{"tag":"edge_routing","attrs":{},"content":[{"tag":"routing_info","attrs":{},"content":{"type":"Buffer","data":[8,13,8,5]}}]}]},"msg":"communication recv"}
{"level":"DEBUG","time":"2024-01-09T02:49:21.531Z","pid":9892,"host":"LAPTOP-432I3LPG","node_version":"v20.10.0","unhandled":true,"fromMe":false,"frame":{"tag":"ib","attrs":{"from":"@s.whatsapp.net"},"content":[{"tag":"edge_routing","attrs":{},"content":[{"tag":"routing_info","attrs":{},"content":{"type":"Buffer","data":[8,13,8,5]}}]}]},"msg":"communication recv"}
{"level":"DEBUG","time":"2024-01-09T03:04:20.720Z","pid":9892,"host":"LAPTOP-432I3LPG","node_version":"v20.10.0","unhandled":true,"fromMe":false,"frame":{"tag":"ib","attrs":{"from":"@s.whatsapp.net"},"content":[{"tag":"edge_routing","attrs":{},"content":[{"tag":"routing_info","attrs":{},"content":{"type":"Buffer","data":[8,13,8,5]}}]}]},"msg":"communication recv"}
{"level":"DEBUG","time":"2024-01-09T03:19:20.948Z","pid":9892,"host":"LAPTOP-432I3LPG","node_version":"v20.10.0","unhandled":true,"fromMe":false,"frame":{"tag":"ib","attrs":{"from":"@s.whatsapp.net"},"content":[{"tag":"edge_routing","attrs":{},"content":[{"tag":"routing_info","attrs":{},"content":{"type":"Buffer","data":[8,13,8,5]}}]}]},"msg":"communication recv"}
{"level":"DEBUG","time":"2024-01-09T03:34:21.196Z","pid":9892,"host":"LAPTOP-432I3LPG","node_version":"v20.10.0","unhandled":true,"fromMe":false,"frame":{"tag":"ib","attrs":{"from":"@s.whatsapp.net"},"content":[{"tag":"edge_routing","attrs":{},"content":[{"tag":"routing_info","attrs":{},"content":{"type":"Buffer","data":[8,13,8,5]}}]}]},"msg":"communication recv"}
{"level":"DEBUG","time":"2024-01-09T03:49:21.445Z","pid":9892,"host":"LAPTOP-432I3LPG","node_version":"v20.10.0","unhandled":true,"fromMe":false,"frame":{"tag":"ib","attrs":{"from":"@s.whatsapp.net"},"content":[{"tag":"edge_routing","attrs":{},"content":[{"tag":"routing_info","attrs":{},"content":{"type":"Buffer","data":[8,13,8,5]}}]}]},"msg":"communication recv"}
{"level":"DEBUG","time":"2024-01-09T04:04:21.676Z","pid":9892,"host":"LAPTOP-432I3LPG","node_version":"v20.10.0","unhandled":true,"fromMe":false,"frame":{"tag":"ib","attrs":{"from":"@s.whatsapp.net"},"content":[{"tag":"edge_routing","attrs":{},"content":[{"tag":"routing_info","attrs":{},"content":{"type":"Buffer","data":[8,13,8,5]}}]}]},"msg":"communication recv"}
{"level":"DEBUG","time":"2024-01-09T04:19:21.906Z","pid":9892,"host":"LAPTOP-432I3LPG","node_version":"v20.10.0","unhandled":true,"fromMe":false,"frame":{"tag":"ib","attrs":{"from":"@s.whatsapp.net"},"content":[{"tag":"edge_routing","attrs":{},"content":[{"tag":"routing_info","attrs":{},"content":{"type":"Buffer","data":[8,13,8,5]}}]}]},"msg":"communication recv"}
{"level":"DEBUG","time":"2024-01-09T04:34:22.156Z","pid":9892,"host":"LAPTOP-432I3LPG","node_version":"v20.10.0","unhandled":true,"fromMe":false,"frame":{"tag":"ib","attrs":{"from":"@s.whatsapp.net"},"content":[{"tag":"edge_routing","attrs":{},"content":[{"tag":"routing_info","attrs":{},"content":{"type":"Buffer","data":[8,13,8,5]}}]}]},"msg":"communication recv"}
{"level":"DEBUG","time":"2024-01-09T04:49:22.369Z","pid":9892,"host":"LAPTOP-432I3LPG","node_version":"v20.10.0","unhandled":true,"fromMe":false,"frame":{"tag":"ib","attrs":{"from":"@s.whatsapp.net"},"content":[{"tag":"edge_routing","attrs":{},"content":[{"tag":"routing_info","attrs":{},"content":{"type":"Buffer","data":[8,13,8,5]}}]}]},"msg":"communication recv"}
{"level":"DEBUG","time":"2024-01-09T05:04:22.586Z","pid":9892,"host":"LAPTOP-432I3LPG","node_version":"v20.10.0","unhandled":true,"fromMe":false,"frame":{"tag":"ib","attrs":{"from":"@s.whatsapp.net"},"content":[{"tag":"edge_routing","attrs":{},"content":[{"tag":"routing_info","attrs":{},"content":{"type":"Buffer","data":[8,13,8,5]}}]}]},"msg":"communication recv"}
{"level":"INFO","time":"2024-01-09T05:55:02.678Z","pid":9892,"host":"LAPTOP-432I3LPG","node_version":"v20.10.0","trace":"Error: Connection Terminated\n    at WebSocketClient.<anonymous> (D:\\kuliah\\Tugas Akhir\\Whastapp API\\node_modules\\@whiskeysockets\\baileys\\lib\\Socket\\socket.js:437:30)\n    at WebSocketClient.emit (node:events:526:35)\n    at WebSocketClient.emit (node:domain:488:12)\n    at WebSocket.<anonymous> (D:\\kuliah\\Tugas Akhir\\Whastapp API\\node_modules\\@whiskeysockets\\baileys\\lib\\Socket\\Client\\web-socket-client.js:46:100)\n    at WebSocket.emit (node:events:514:28)\n    at WebSocket.emit (node:domain:488:12)\n    at WebSocket.emitClose (D:\\kuliah\\Tugas Akhir\\Whastapp API\\node_modules\\ws\\lib\\websocket.js:265:10)\n    at Receiver.receiverOnFinish (D:\\kuliah\\Tugas Akhir\\Whastapp API\\node_modules\\ws\\lib\\websocket.js:1198:20)\n    at Receiver.emit (node:events:514:28)\n    at Receiver.emit (node:domain:488:12)","msg":"connection errored"}
{"level":"DEBUG","time":"2024-01-09T05:55:02.680Z","pid":9892,"host":"LAPTOP-432I3LPG","node_version":"v20.10.0","connection":"close","lastDisconnect":{"error":{"data":null,"isBoom":true,"isServer":false,"output":{"statusCode":428,"payload":{"statusCode":428,"error":"Precondition Required","message":"Connection Terminated"},"headers":{}}},"date":"2024-01-09T05:55:02.679Z"}}
{"level":"INFO","time":"2024-01-09T05:55:02.681Z","pid":9892,"host":"LAPTOP-432I3LPG","node_version":"v20.10.0","attempts":1,"sessionId":"b43c9862-2917-40dd-8c17-59872f6b0e30","msg":"Reconnecting..."}
{"level":"ERROR","time":"2024-01-09T05:55:02.690Z","pid":9892,"host":"LAPTOP-432I3LPG","node_version":"v20.10.0","msg":"error in sending keep alive"}
{"level":"DEBUG","time":"2024-01-09T05:55:02.753Z","pid":9892,"host":"LAPTOP-432I3LPG","node_version":"v20.10.0","connection":"connecting","receivedPendingNotifications":false}
{"level":"INFO","time":"2024-01-09T05:55:03.475Z","pid":9892,"host":"LAPTOP-432I3LPG","node_version":"v20.10.0","browser":["WhatsApp Web","Chrome","10.0"],"helloMsg":{"clientHello":{"ephemeral":"Df1uQBVX85Mftc89sl5y7EwTS4Y/6pu3OW343HIoGhY="}},"msg":"connected to WA"}
{"level":"INFO","time":"2024-01-09T05:55:03.715Z","pid":9892,"host":"LAPTOP-432I3LPG","node_version":"v20.10.0","node":{"username":"6281295504538","passive":true,"userAgent":{"platform":"MACOS","appVersion":{"primary":2,"secondary":2329,"tertiary":9},"mcc":"000","mnc":"000","osVersion":"0.1","manufacturer":"","device":"Desktop","osBuildNumber":"0.1","releaseChannel":"RELEASE","localeLanguageIso6391":"en","localeCountryIso31661Alpha2":"US"},"connectType":"WIFI_UNKNOWN","connectReason":"USER_ACTIVATED","device":2},"msg":"logging in..."}
{"level":"DEBUG","time":"2024-01-09T05:55:04.095Z","pid":9892,"host":"LAPTOP-432I3LPG","node_version":"v20.10.0","unhandled":true,"fromMe":false,"frame":{"tag":"ib","attrs":{"from":"@s.whatsapp.net"},"content":[{"tag":"edge_routing","attrs":{},"content":[{"tag":"routing_info","attrs":{},"content":{"type":"Buffer","data":[8,13,8,5]}}]}]},"msg":"communication recv"}
{"level":"INFO","time":"2024-01-09T05:55:04.207Z","pid":9892,"host":"LAPTOP-432I3LPG","node_version":"v20.10.0","msg":"29 pre-keys found on server"}
{"level":"INFO","time":"2024-01-09T05:55:04.447Z","pid":9892,"host":"LAPTOP-432I3LPG","node_version":"v20.10.0","msg":"opened connection to WA"}
{"level":"DEBUG","time":"2024-01-09T05:55:04.458Z","pid":9892,"host":"LAPTOP-432I3LPG","node_version":"v20.10.0","isOnline":false}
{"level":"DEBUG","time":"2024-01-09T05:55:04.459Z","pid":9892,"host":"LAPTOP-432I3LPG","node_version":"v20.10.0","connection":"open"}
{"level":"DEBUG","time":"2024-01-09T05:55:04.466Z","pid":9892,"host":"LAPTOP-432I3LPG","node_version":"v20.10.0","unhandled":true,"fromMe":false,"frame":{"tag":"ib","attrs":{"from":"@s.whatsapp.net"},"content":[{"tag":"offline_preview","attrs":{"count":"1","message":"0","receipt":"0","notification":"1","appdata":"0","call":"0"}}]},"msg":"communication recv"}
{"level":"DEBUG","time":"2024-01-09T05:55:04.468Z","pid":9892,"host":"LAPTOP-432I3LPG","node_version":"v20.10.0","recv":{"tag":"notification","attrs":{"from":"6288290106613@s.whatsapp.net","type":"devices","id":"3282861529","lid":"250091684286504_1@s.whatsapp.net","offline":"0","t":"1704779631"}},"sent":{"id":"3282861529","to":"6288290106613@s.whatsapp.net","class":"notification","type":"devices"},"msg":"sent ack"}
{"level":"INFO","time":"2024-01-09T05:55:04.473Z","pid":9892,"host":"LAPTOP-432I3LPG","node_version":"v20.10.0","msg":"handled 1 offline messages/notifications"}
{"level":"DEBUG","time":"2024-01-09T05:55:04.474Z","pid":9892,"host":"LAPTOP-432I3LPG","node_version":"v20.10.0","receivedPendingNotifications":true}
{"level":"DEBUG","time":"2024-01-09T05:55:04.764Z","pid":9892,"host":"LAPTOP-432I3LPG","node_version":"v20.10.0","msg":"fetched abt"}
{"level":"DEBUG","time":"2024-01-09T05:55:04.765Z","pid":9892,"host":"LAPTOP-432I3LPG","node_version":"v20.10.0","msg":"fetched props"}
{"level":"DEBUG","time":"2024-01-09T05:59:26.107Z","pid":9892,"host":"LAPTOP-432I3LPG","node_version":"v20.10.0","recv":{"tag":"notification","attrs":{"from":"6288290106613@s.whatsapp.net","type":"devices","id":"706370282","lid":"250091684286504_1@s.whatsapp.net","t":"1704779968"}},"sent":{"id":"706370282","to":"6288290106613@s.whatsapp.net","class":"notification","type":"devices"},"msg":"sent ack"}
{"level":"DEBUG","time":"2024-01-09T05:59:37.908Z","pid":9892,"host":"LAPTOP-432I3LPG","node_version":"v20.10.0","recv":{"tag":"notification","attrs":{"from":"6288290106613@s.whatsapp.net","type":"devices","id":"1894809936","lid":"250091684286504_1@s.whatsapp.net","t":"1704779980"}},"sent":{"id":"1894809936","to":"6288290106613@s.whatsapp.net","class":"notification","type":"devices"},"msg":"sent ack"}
{"level":"DEBUG","time":"2024-01-09T06:00:10.707Z","pid":9892,"host":"LAPTOP-432I3LPG","node_version":"v20.10.0","recv":{"tag":"notification","attrs":{"from":"6288290106613@s.whatsapp.net","type":"devices","id":"4220984510","lid":"250091684286504_1@s.whatsapp.net","t":"1704779993"}},"sent":{"id":"4220984510","to":"6288290106613@s.whatsapp.net","class":"notification","type":"devices"},"msg":"sent ack"}
{"level":"DEBUG","time":"2024-01-09T06:01:53.783Z","pid":9892,"host":"LAPTOP-432I3LPG","node_version":"v20.10.0","recv":{"tag":"notification","attrs":{"from":"6282166235777@s.whatsapp.net","type":"devices","id":"3579022412","lid":"230094400430319_1@s.whatsapp.net","t":"1704780116"}},"sent":{"id":"3579022412","to":"6282166235777@s.whatsapp.net","class":"notification","type":"devices"},"msg":"sent ack"}
{"level":"DEBUG","time":"2024-01-09T06:10:04.292Z","pid":9892,"host":"LAPTOP-432I3LPG","node_version":"v20.10.0","unhandled":true,"fromMe":false,"frame":{"tag":"ib","attrs":{"from":"@s.whatsapp.net"},"content":[{"tag":"edge_routing","attrs":{},"content":[{"tag":"routing_info","attrs":{},"content":{"type":"Buffer","data":[8,13,8,5]}}]}]},"msg":"communication recv"}
{"level":"DEBUG","time":"2024-01-09T06:25:04.466Z","pid":9892,"host":"LAPTOP-432I3LPG","node_version":"v20.10.0","unhandled":true,"fromMe":false,"frame":{"tag":"ib","attrs":{"from":"@s.whatsapp.net"},"content":[{"tag":"edge_routing","attrs":{},"content":[{"tag":"routing_info","attrs":{},"content":{"type":"Buffer","data":[8,13,8,5]}}]}]},"msg":"communication recv"}
{"level":"DEBUG","time":"2024-01-09T06:40:04.687Z","pid":9892,"host":"LAPTOP-432I3LPG","node_version":"v20.10.0","unhandled":true,"fromMe":false,"frame":{"tag":"ib","attrs":{"from":"@s.whatsapp.net"},"content":[{"tag":"edge_routing","attrs":{},"content":[{"tag":"routing_info","attrs":{},"content":{"type":"Buffer","data":[8,13,8,5]}}]}]},"msg":"communication recv"}
{"level":"DEBUG","time":"2024-01-09T06:55:04.908Z","pid":9892,"host":"LAPTOP-432I3LPG","node_version":"v20.10.0","unhandled":true,"fromMe":false,"frame":{"tag":"ib","attrs":{"from":"@s.whatsapp.net"},"content":[{"tag":"edge_routing","attrs":{},"content":[{"tag":"routing_info","attrs":{},"content":{"type":"Buffer","data":[8,13,8,5]}}]}]},"msg":"communication recv"}
{"level":"DEBUG","time":"2024-01-09T07:08:36.775Z","pid":9892,"host":"LAPTOP-432I3LPG","node_version":"v20.10.0","recv":{"tag":"notification","attrs":{"from":"6285749855851@s.whatsapp.net","type":"devices","id":"767629400","lid":"265506389008443_1@s.whatsapp.net","t":"1704784109"}},"sent":{"id":"767629400","to":"6285749855851@s.whatsapp.net","class":"notification","type":"devices"},"msg":"sent ack"}
{"level":"DEBUG","time":"2024-01-09T07:09:22.739Z","pid":9892,"host":"LAPTOP-432I3LPG","node_version":"v20.10.0","recv":{"tag":"notification","attrs":{"from":"6285749855851@s.whatsapp.net","type":"devices","id":"4202401050","lid":"265506389008443_1@s.whatsapp.net","t":"1704784165"}},"sent":{"id":"4202401050","to":"6285749855851@s.whatsapp.net","class":"notification","type":"devices"},"msg":"sent ack"}
{"level":"DEBUG","time":"2024-01-09T07:10:05.188Z","pid":9892,"host":"LAPTOP-432I3LPG","node_version":"v20.10.0","unhandled":true,"fromMe":false,"frame":{"tag":"ib","attrs":{"from":"@s.whatsapp.net"},"content":[{"tag":"edge_routing","attrs":{},"content":[{"tag":"routing_info","attrs":{},"content":{"type":"Buffer","data":[8,13,8,5]}}]}]},"msg":"communication recv"}
{"level":"DEBUG","time":"2024-01-09T07:25:05.399Z","pid":9892,"host":"LAPTOP-432I3LPG","node_version":"v20.10.0","unhandled":true,"fromMe":false,"frame":{"tag":"ib","attrs":{"from":"@s.whatsapp.net"},"content":[{"tag":"edge_routing","attrs":{},"content":[{"tag":"routing_info","attrs":{},"content":{"type":"Buffer","data":[8,13,8,5]}}]}]},"msg":"communication recv"}
{"level":"DEBUG","time":"2024-01-09T07:40:05.700Z","pid":9892,"host":"LAPTOP-432I3LPG","node_version":"v20.10.0","unhandled":true,"fromMe":false,"frame":{"tag":"ib","attrs":{"from":"@s.whatsapp.net"},"content":[{"tag":"edge_routing","attrs":{},"content":[{"tag":"routing_info","attrs":{},"content":{"type":"Buffer","data":[8,13,8,5]}}]}]},"msg":"communication recv"}
{"level":"DEBUG","time":"2024-01-09T07:55:05.892Z","pid":9892,"host":"LAPTOP-432I3LPG","node_version":"v20.10.0","unhandled":true,"fromMe":false,"frame":{"tag":"ib","attrs":{"from":"@s.whatsapp.net"},"content":[{"tag":"edge_routing","attrs":{},"content":[{"tag":"routing_info","attrs":{},"content":{"type":"Buffer","data":[8,13,8,5]}}]}]},"msg":"communication recv"}
{"level":"INFO","time":"2024-01-09T09:17:28.632Z","pid":9892,"host":"LAPTOP-432I3LPG","node_version":"v20.10.0","trace":"Error: Connection was lost\n    at Timeout._onTimeout (D:\\kuliah\\Tugas Akhir\\Whastapp API\\node_modules\\@whiskeysockets\\baileys\\lib\\Socket\\socket.js:303:17)\n    at listOnTimeout (node:internal/timers:573:17)\n    at processTimers (node:internal/timers:514:7)","msg":"connection errored"}
{"level":"DEBUG","time":"2024-01-09T09:17:28.635Z","pid":9892,"host":"LAPTOP-432I3LPG","node_version":"v20.10.0","connection":"close","lastDisconnect":{"error":{"data":null,"isBoom":true,"isServer":false,"output":{"statusCode":408,"payload":{"statusCode":408,"error":"Request Time-out","message":"Connection was lost"},"headers":{}}},"date":"2024-01-09T09:17:28.634Z"}}
{"level":"INFO","time":"2024-01-09T09:17:28.635Z","pid":9892,"host":"LAPTOP-432I3LPG","node_version":"v20.10.0","attempts":1,"sessionId":"b43c9862-2917-40dd-8c17-59872f6b0e30","msg":"Reconnecting..."}
{"level":"DEBUG","time":"2024-01-09T09:17:28.987Z","pid":9892,"host":"LAPTOP-432I3LPG","node_version":"v20.10.0","connection":"connecting","receivedPendingNotifications":false}
{"level":"INFO","time":"2024-01-09T09:17:30.374Z","pid":9892,"host":"LAPTOP-432I3LPG","node_version":"v20.10.0","browser":["WhatsApp Web","Chrome","10.0"],"helloMsg":{"clientHello":{"ephemeral":"iofng6K4s4/mGWGGPyMDaP9fvYaEQfCMzx31ps+Iyx8="}},"msg":"connected to WA"}
{"level":"INFO","time":"2024-01-09T09:17:30.638Z","pid":9892,"host":"LAPTOP-432I3LPG","node_version":"v20.10.0","node":{"username":"6281295504538","passive":true,"userAgent":{"platform":"MACOS","appVersion":{"primary":2,"secondary":2329,"tertiary":9},"mcc":"000","mnc":"000","osVersion":"0.1","manufacturer":"","device":"Desktop","osBuildNumber":"0.1","releaseChannel":"RELEASE","localeLanguageIso6391":"en","localeCountryIso31661Alpha2":"US"},"connectType":"WIFI_UNKNOWN","connectReason":"USER_ACTIVATED","device":2},"msg":"logging in..."}
{"level":"DEBUG","time":"2024-01-09T09:17:31.014Z","pid":9892,"host":"LAPTOP-432I3LPG","node_version":"v20.10.0","unhandled":true,"fromMe":false,"frame":{"tag":"ib","attrs":{"from":"@s.whatsapp.net"},"content":[{"tag":"edge_routing","attrs":{},"content":[{"tag":"routing_info","attrs":{},"content":{"type":"Buffer","data":[8,13,8,5]}}]}]},"msg":"communication recv"}
{"level":"INFO","time":"2024-01-09T09:17:31.154Z","pid":9892,"host":"LAPTOP-432I3LPG","node_version":"v20.10.0","msg":"29 pre-keys found on server"}
{"level":"INFO","time":"2024-01-09T09:17:31.394Z","pid":9892,"host":"LAPTOP-432I3LPG","node_version":"v20.10.0","msg":"opened connection to WA"}
{"level":"DEBUG","time":"2024-01-09T09:17:31.406Z","pid":9892,"host":"LAPTOP-432I3LPG","node_version":"v20.10.0","isOnline":false}
{"level":"DEBUG","time":"2024-01-09T09:17:31.408Z","pid":9892,"host":"LAPTOP-432I3LPG","node_version":"v20.10.0","connection":"open"}
{"level":"INFO","time":"2024-01-09T09:17:31.473Z","pid":9892,"host":"LAPTOP-432I3LPG","node_version":"v20.10.0","msg":"handled 0 offline messages/notifications"}
{"level":"DEBUG","time":"2024-01-09T09:17:31.473Z","pid":9892,"host":"LAPTOP-432I3LPG","node_version":"v20.10.0","receivedPendingNotifications":true}
{"level":"DEBUG","time":"2024-01-09T09:17:31.677Z","pid":9892,"host":"LAPTOP-432I3LPG","node_version":"v20.10.0","msg":"fetched abt"}
{"level":"DEBUG","time":"2024-01-09T09:17:31.680Z","pid":9892,"host":"LAPTOP-432I3LPG","node_version":"v20.10.0","msg":"fetched props"}
{"level":"DEBUG","time":"2024-01-09T09:32:35.500Z","pid":9892,"host":"LAPTOP-432I3LPG","node_version":"v20.10.0","unhandled":true,"fromMe":false,"frame":{"tag":"ib","attrs":{"from":"@s.whatsapp.net"},"content":[{"tag":"edge_routing","attrs":{},"content":[{"tag":"routing_info","attrs":{},"content":{"type":"Buffer","data":[8,13,8,5]}}]}]},"msg":"communication recv"}
{"level":"DEBUG","time":"2024-01-09T09:47:35.755Z","pid":9892,"host":"LAPTOP-432I3LPG","node_version":"v20.10.0","unhandled":true,"fromMe":false,"frame":{"tag":"ib","attrs":{"from":"@s.whatsapp.net"},"content":[{"tag":"edge_routing","attrs":{},"content":[{"tag":"routing_info","attrs":{},"content":{"type":"Buffer","data":[8,13,8,5]}}]}]},"msg":"communication recv"}
{"level":"INFO","time":"2024-01-09T10:04:53.760Z","pid":9892,"host":"LAPTOP-432I3LPG","node_version":"v20.10.0","trace":"Error: Connection was lost\n    at Timeout._onTimeout (D:\\kuliah\\Tugas Akhir\\Whastapp API\\node_modules\\@whiskeysockets\\baileys\\lib\\Socket\\socket.js:303:17)\n    at listOnTimeout (node:internal/timers:573:17)\n    at processTimers (node:internal/timers:514:7)","msg":"connection errored"}
{"level":"DEBUG","time":"2024-01-09T10:04:53.761Z","pid":9892,"host":"LAPTOP-432I3LPG","node_version":"v20.10.0","connection":"close","lastDisconnect":{"error":{"data":null,"isBoom":true,"isServer":false,"output":{"statusCode":408,"payload":{"statusCode":408,"error":"Request Time-out","message":"Connection was lost"},"headers":{}}},"date":"2024-01-09T10:04:53.761Z"}}
{"level":"INFO","time":"2024-01-09T10:04:53.761Z","pid":9892,"host":"LAPTOP-432I3LPG","node_version":"v20.10.0","attempts":1,"sessionId":"b43c9862-2917-40dd-8c17-59872f6b0e30","msg":"Reconnecting..."}
{"level":"DEBUG","time":"2024-01-09T10:04:53.998Z","pid":9892,"host":"LAPTOP-432I3LPG","node_version":"v20.10.0","connection":"connecting","receivedPendingNotifications":false}
{"level":"INFO","time":"2024-01-09T10:04:54.864Z","pid":9892,"host":"LAPTOP-432I3LPG","node_version":"v20.10.0","browser":["WhatsApp Web","Chrome","10.0"],"helloMsg":{"clientHello":{"ephemeral":"VTHiNerT4iVKgT0ZL9BjGJwEPMNK3Zx448wV2w7tiCk="}},"msg":"connected to WA"}
{"level":"INFO","time":"2024-01-09T10:04:55.190Z","pid":9892,"host":"LAPTOP-432I3LPG","node_version":"v20.10.0","node":{"username":"6281295504538","passive":true,"userAgent":{"platform":"MACOS","appVersion":{"primary":2,"secondary":2329,"tertiary":9},"mcc":"000","mnc":"000","osVersion":"0.1","manufacturer":"","device":"Desktop","osBuildNumber":"0.1","releaseChannel":"RELEASE","localeLanguageIso6391":"en","localeCountryIso31661Alpha2":"US"},"connectType":"WIFI_UNKNOWN","connectReason":"USER_ACTIVATED","device":2},"msg":"logging in..."}
{"level":"DEBUG","time":"2024-01-09T10:04:55.781Z","pid":9892,"host":"LAPTOP-432I3LPG","node_version":"v20.10.0","unhandled":true,"fromMe":false,"frame":{"tag":"ib","attrs":{"from":"@s.whatsapp.net"},"content":[{"tag":"edge_routing","attrs":{},"content":[{"tag":"routing_info","attrs":{},"content":{"type":"Buffer","data":[8,13,8,5]}}]}]},"msg":"communication recv"}
{"level":"INFO","time":"2024-01-09T10:04:55.973Z","pid":9892,"host":"LAPTOP-432I3LPG","node_version":"v20.10.0","msg":"29 pre-keys found on server"}
{"level":"INFO","time":"2024-01-09T10:04:56.297Z","pid":9892,"host":"LAPTOP-432I3LPG","node_version":"v20.10.0","msg":"opened connection to WA"}
{"level":"DEBUG","time":"2024-01-09T10:04:56.303Z","pid":9892,"host":"LAPTOP-432I3LPG","node_version":"v20.10.0","isOnline":false}
{"level":"DEBUG","time":"2024-01-09T10:04:56.303Z","pid":9892,"host":"LAPTOP-432I3LPG","node_version":"v20.10.0","connection":"open"}
{"level":"DEBUG","time":"2024-01-09T10:04:56.465Z","pid":9892,"host":"LAPTOP-432I3LPG","node_version":"v20.10.0","unhandled":true,"fromMe":false,"frame":{"tag":"ib","attrs":{"from":"@s.whatsapp.net"},"content":[{"tag":"offline_preview","attrs":{"count":"1","message":"0","receipt":"0","notification":"1","appdata":"0","call":"0"}}]},"msg":"communication recv"}
{"level":"DEBUG","time":"2024-01-09T10:04:56.465Z","pid":9892,"host":"LAPTOP-432I3LPG","node_version":"v20.10.0","recv":{"tag":"notification","attrs":{"from":"628155013228@s.whatsapp.net","type":"devices","id":"2685930775","lid":"171871756624022_1@s.whatsapp.net","offline":"0","t":"1704794502"}},"sent":{"id":"2685930775","to":"628155013228@s.whatsapp.net","class":"notification","type":"devices"},"msg":"sent ack"}
{"level":"INFO","time":"2024-01-09T10:04:56.466Z","pid":9892,"host":"LAPTOP-432I3LPG","node_version":"v20.10.0","msg":"handled 1 offline messages/notifications"}
{"level":"DEBUG","time":"2024-01-09T10:04:56.466Z","pid":9892,"host":"LAPTOP-432I3LPG","node_version":"v20.10.0","receivedPendingNotifications":true}
{"level":"DEBUG","time":"2024-01-09T10:04:56.626Z","pid":9892,"host":"LAPTOP-432I3LPG","node_version":"v20.10.0","msg":"fetched props"}
{"level":"DEBUG","time":"2024-01-09T10:04:56.645Z","pid":9892,"host":"LAPTOP-432I3LPG","node_version":"v20.10.0","msg":"fetched abt"}
